#
# A fatal error has been detected by the Java Runtime Environment:
#
#  SIGBUS (0x7) at pc=0x00007ff76388b724 (sent by kill), pid=57192, tid=57192
#
# JRE version: OpenJDK Runtime Environment (11.0.18+10) (build 11.0.18+10-post-Ubuntu-0ubuntu3)
# Java VM: OpenJDK 64-Bit Server VM (11.0.18+10-post-Ubuntu-0ubuntu3, mixed mode, sharing, tiered, compressed oops, g1 gc, linux-amd64)
# Problematic frame:
# C  [libc.so.6+0x8b724]
#
# Core dump will be written. Default location: Core dumps may be processed with "/usr/share/apport/apport -p%p -s%s -c%c -d%d -P%P -u%u -g%g -- %E" (or dumping to /home/spacecat/SpaceCat/TimelessandClassics_Reforged/core.57192)
#
# If you would like to submit a bug report, please visit:
#   https://bugs.launchpad.net/ubuntu/+source/openjdk-lts
#

---------------  S U M M A R Y ------------

Command Line: -Dfile.encoding=utf8 /home/spacecat/.vscode-insiders/extensions/vscjava.vscode-gradle-3.12.6/lib/gradle-language-server.jar

Host: AMD Ryzen 7 4800H with Radeon Graphics, 16 cores, 7G, Ubuntu Lunar Lobster (development branch)
Time: Sat Mar 25 14:31:46 2023 +07 elapsed time: 6662.576887 seconds (0d 1h 51m 2s)

---------------  T H R E A D  ---------------

Current thread is native thread

Stack: [0x00007ffe3ff54000,0x00007ffe40753000],  sp=0x00007ffe4074e200,  free space=8168k
Native frames: (J=compiled Java code, A=aot compiled Java code, j=interpreted, Vv=VM code, C=native code)
C  [libc.so.6+0x8b724]


siginfo: si_signo: 7 (SIGBUS), si_code: 0 (SI_USER), si_pid: 104210, si_uid: 1000

Register to memory mapping:

RAX=
[error occurred during error reporting (printing register info), id 0xb, SIGSEGV (0xb) at pc=0x00007ff76324393c]

Registers:
RAX=0x00000000000000ca, RBX=0x00007ff7637ff6c0, RCX=0x00007ff76388b726, RDX=0x000000000000df6c
RSP=0x00007ffe4074e200, RBP=0x0000000000000000, RSI=0x0000000000000109, RDI=0x00007ff7637ff990
R8 =0x0000000000000000, R9 =0x00000000ffffffff, R10=0x0000000000000000, R11=0x0000000000000246
R12=0x000000000000df6c, R13=0x00007ffe4074e2c8, R14=0x00007ff7637ff990, R15=0x00007ffe4074e250
RIP=0x00007ff76388b724, EFLAGS=0x0000000000000246, CSGSFS=0x002b000000000033, ERR=0x0000000000000000
  TRAPNO=0x0000000000000000

Top of Stack: (sp=0x00007ffe4074e200)
0x00007ffe4074e200:   00007ffe4074e337 0000010968b4bb15
0x00007ffe4074e210:   00007ff7637ff990 0000000000000000
0x00007ffe4074e220:   00007ff7637ff6c0 0000000000000000
0x00007ffe4074e230:   0000000000000000 00007ff763890c23 

Instructions: (pc=0x00007ff76388b724)
0x00007ff76388b624:   00 c3 66 2e 0f 1f 84 00 00 00 00 00 48 83 39 00
0x00007ff76388b634:   79 88 b8 6e 00 00 00 c3 0f 1f 40 00 f3 0f 1e fa
0x00007ff76388b644:   41 54 41 89 f4 55 53 48 83 ec 20 48 85 c9 0f 85
0x00007ff76388b654:   e0 00 00 00 83 fa 01 77 7b c1 e2 08 89 d6 81 f6
0x00007ff76388b664:   00 01 00 00 40 80 ce 89 44 31 c6 80 3d 62 2f 17
0x00007ff76388b674:   00 00 74 78 41 b9 ff ff ff ff 45 31 c0 49 89 ca
0x00007ff76388b684:   44 89 e2 b8 ca 00 00 00 0f 05 48 89 c3 89 d8 85
0x00007ff76388b694:   db 7f 13 83 fb ea 7c 24 83 c3 16 ba 01 08 44 00
0x00007ff76388b6a4:   48 0f a3 da 72 20 48 8d 3d c7 f6 12 00 e8 7a 80
0x00007ff76388b6b4:   ff ff 66 2e 0f 1f 84 00 00 00 00 00 83 fb 92 74
0x00007ff76388b6c4:   05 83 fb b5 75 e0 f7 d8 48 83 c4 20 5b 5d 41 5c
0x00007ff76388b6d4:   c3 0f 1f 00 48 83 c4 20 b8 16 00 00 00 5b 5d 41
0x00007ff76388b6e4:   5c c3 66 2e 0f 1f 84 00 00 00 00 00 48 89 7c 24
0x00007ff76388b6f4:   10 89 74 24 0c 48 89 4c 24 18 e8 1d f8 ff ff 4c
0x00007ff76388b704:   8b 54 24 18 45 31 c0 44 89 e2 89 c5 8b 74 24 0c
0x00007ff76388b714:   48 8b 7c 24 10 41 b9 ff ff ff ff b8 ca 00 00 00
0x00007ff76388b724:   0f 05 89 ef 48 89 c3 e8 70 f8 ff ff e9 5c ff ff
0x00007ff76388b734:   ff 0f 1f 00 48 83 39 00 0f 89 16 ff ff ff b8 6e
0x00007ff76388b744:   00 00 00 eb 83 0f 1f 80 00 00 00 00 f3 0f 1e fa
0x00007ff76388b754:   49 89 d2 85 f6 75 4d 80 f1 86 89 ce 31 d2 b8 ca
0x00007ff76388b764:   00 00 00 0f 05 83 f8 da 74 4a 83 f8 92 74 2d 8d
0x00007ff76388b774:   50 23 83 fa 23 77 10 48 b9 01 20 00 81 09 00 00
0x00007ff76388b784:   00 48 0f a3 d1 72 15 50 48 8d 3d e5 f5 12 00 e8
0x00007ff76388b794:   98 7f ff ff 0f 1f 84 00 00 00 00 00 f7 d8 c3 0f
0x00007ff76388b7a4:   1f 44 00 00 89 ce 40 80 f6 8d 48 85 d2 75 ad eb
0x00007ff76388b7b4:   a6 0f 1f 00 b8 16 00 00 00 c3 66 90 f3 0f 1e fa
0x00007ff76388b7c4:   64 48 8b 04 25 10 00 00 00 64 48 8b 14 25 f8 02
0x00007ff76388b7d4:   00 00 48 89 57 18 48 8d 90 08 03 00 00 8b 80 08
0x00007ff76388b7e4:   03 00 00 a8 02 75 15 d1 f8 83 e0 01 89 47 10 64
0x00007ff76388b7f4:   48 89 3c 25 f8 02 00 00 c3 0f 1f 00 89 c1 83 e1
0x00007ff76388b804:   fd f0 0f b1 0a 74 e0 eb f3 0f 1f 00 f3 0f 1e fa
0x00007ff76388b814:   64 48 8b 14 25 10 00 00 00 48 8b 47 18 64 48 89 


Stack slot to memory mapping:
stack at sp + 0 slots: 
[error occurred during error reporting (inspecting top of stack), id 0xb, SIGSEGV (0xb) at pc=0x00007ff76324393c]


---------------  P R O C E S S  ---------------

VM state:not at safepoint (normal execution)

VM Mutex/Monitor currently owned by a thread: None

Heap address: 0x000000008d000000, size: 1840 MB, Compressed Oops mode: 32-bit
Narrow klass base: 0x0000000800000000, Narrow klass shift: 3
Compressed class space size: 1073741824 Address: 0x0000000840000000

Heap:
 garbage-first heap   total 120832K, used 21196K [0x000000008d000000, 0x0000000100000000)
  region size 1024K, 21 young (21504K), 0 survivors (0K)
 Metaspace       used 7293K, capacity 7688K, committed 7808K, reserved 1056768K
  class space    used 787K, capacity 830K, committed 896K, reserved 1048576K
Heap Regions: E=young(eden), S=young(survivor), O=old, HS=humongous(starts), HC=humongous(continues), CS=collection set, F=free, A=archive, TAMS=top-at-mark-start (previous, next)
|   0|0x000000008d000000, 0x000000008d100000, 0x000000008d100000|100%|HS|  |TAMS 0x000000008d000000, 0x000000008d000000| Complete 
|   1|0x000000008d100000, 0x000000008d100000, 0x000000008d200000|  0%| F|  |TAMS 0x000000008d100000, 0x000000008d100000| Untracked 
|   2|0x000000008d200000, 0x000000008d200000, 0x000000008d300000|  0%| F|  |TAMS 0x000000008d200000, 0x000000008d200000| Untracked 
|   3|0x000000008d300000, 0x000000008d300000, 0x000000008d400000|  0%| F|  |TAMS 0x000000008d300000, 0x000000008d300000| Untracked 
|   4|0x000000008d400000, 0x000000008d400000, 0x000000008d500000|  0%| F|  |TAMS 0x000000008d400000, 0x000000008d400000| Untracked 
|   5|0x000000008d500000, 0x000000008d500000, 0x000000008d600000|  0%| F|  |TAMS 0x000000008d500000, 0x000000008d500000| Untracked 
|   6|0x000000008d600000, 0x000000008d600000, 0x000000008d700000|  0%| F|  |TAMS 0x000000008d600000, 0x000000008d600000| Untracked 
|   7|0x000000008d700000, 0x000000008d700000, 0x000000008d800000|  0%| F|  |TAMS 0x000000008d700000, 0x000000008d700000| Untracked 
|   8|0x000000008d800000, 0x000000008d800000, 0x000000008d900000|  0%| F|  |TAMS 0x000000008d800000, 0x000000008d800000| Untracked 
|   9|0x000000008d900000, 0x000000008d900000, 0x000000008da00000|  0%| F|  |TAMS 0x000000008d900000, 0x000000008d900000| Untracked 
|  10|0x000000008da00000, 0x000000008da00000, 0x000000008db00000|  0%| F|  |TAMS 0x000000008da00000, 0x000000008da00000| Untracked 
|  11|0x000000008db00000, 0x000000008db00000, 0x000000008dc00000|  0%| F|  |TAMS 0x000000008db00000, 0x000000008db00000| Untracked 
|  12|0x000000008dc00000, 0x000000008dc00000, 0x000000008dd00000|  0%| F|  |TAMS 0x000000008dc00000, 0x000000008dc00000| Untracked 
|  13|0x000000008dd00000, 0x000000008dd00000, 0x000000008de00000|  0%| F|  |TAMS 0x000000008dd00000, 0x000000008dd00000| Untracked 
|  14|0x000000008de00000, 0x000000008de00000, 0x000000008df00000|  0%| F|  |TAMS 0x000000008de00000, 0x000000008de00000| Untracked 
|  15|0x000000008df00000, 0x000000008df00000, 0x000000008e000000|  0%| F|  |TAMS 0x000000008df00000, 0x000000008df00000| Untracked 
|  16|0x000000008e000000, 0x000000008e000000, 0x000000008e100000|  0%| F|  |TAMS 0x000000008e000000, 0x000000008e000000| Untracked 
|  17|0x000000008e100000, 0x000000008e100000, 0x000000008e200000|  0%| F|  |TAMS 0x000000008e100000, 0x000000008e100000| Untracked 
|  18|0x000000008e200000, 0x000000008e200000, 0x000000008e300000|  0%| F|  |TAMS 0x000000008e200000, 0x000000008e200000| Untracked 
|  19|0x000000008e300000, 0x000000008e300000, 0x000000008e400000|  0%| F|  |TAMS 0x000000008e300000, 0x000000008e300000| Untracked 
|  20|0x000000008e400000, 0x000000008e400000, 0x000000008e500000|  0%| F|  |TAMS 0x000000008e400000, 0x000000008e400000| Untracked 
|  21|0x000000008e500000, 0x000000008e500000, 0x000000008e600000|  0%| F|  |TAMS 0x000000008e500000, 0x000000008e500000| Untracked 
|  22|0x000000008e600000, 0x000000008e600000, 0x000000008e700000|  0%| F|  |TAMS 0x000000008e600000, 0x000000008e600000| Untracked 
|  23|0x000000008e700000, 0x000000008e700000, 0x000000008e800000|  0%| F|  |TAMS 0x000000008e700000, 0x000000008e700000| Untracked 
|  24|0x000000008e800000, 0x000000008e800000, 0x000000008e900000|  0%| F|  |TAMS 0x000000008e800000, 0x000000008e800000| Untracked 
|  25|0x000000008e900000, 0x000000008e900000, 0x000000008ea00000|  0%| F|  |TAMS 0x000000008e900000, 0x000000008e900000| Untracked 
|  26|0x000000008ea00000, 0x000000008ea00000, 0x000000008eb00000|  0%| F|  |TAMS 0x000000008ea00000, 0x000000008ea00000| Untracked 
|  27|0x000000008eb00000, 0x000000008eb00000, 0x000000008ec00000|  0%| F|  |TAMS 0x000000008eb00000, 0x000000008eb00000| Untracked 
|  28|0x000000008ec00000, 0x000000008ec00000, 0x000000008ed00000|  0%| F|  |TAMS 0x000000008ec00000, 0x000000008ec00000| Untracked 
|  29|0x000000008ed00000, 0x000000008ed00000, 0x000000008ee00000|  0%| F|  |TAMS 0x000000008ed00000, 0x000000008ed00000| Untracked 
|  30|0x000000008ee00000, 0x000000008ee00000, 0x000000008ef00000|  0%| F|  |TAMS 0x000000008ee00000, 0x000000008ee00000| Untracked 
|  31|0x000000008ef00000, 0x000000008ef00000, 0x000000008f000000|  0%| F|  |TAMS 0x000000008ef00000, 0x000000008ef00000| Untracked 
|  32|0x000000008f000000, 0x000000008f000000, 0x000000008f100000|  0%| F|  |TAMS 0x000000008f000000, 0x000000008f000000| Untracked 
|  33|0x000000008f100000, 0x000000008f100000, 0x000000008f200000|  0%| F|  |TAMS 0x000000008f100000, 0x000000008f100000| Untracked 
|  34|0x000000008f200000, 0x000000008f200000, 0x000000008f300000|  0%| F|  |TAMS 0x000000008f200000, 0x000000008f200000| Untracked 
|  35|0x000000008f300000, 0x000000008f300000, 0x000000008f400000|  0%| F|  |TAMS 0x000000008f300000, 0x000000008f300000| Untracked 
|  36|0x000000008f400000, 0x000000008f400000, 0x000000008f500000|  0%| F|  |TAMS 0x000000008f400000, 0x000000008f400000| Untracked 
|  37|0x000000008f500000, 0x000000008f500000, 0x000000008f600000|  0%| F|  |TAMS 0x000000008f500000, 0x000000008f500000| Untracked 
|  38|0x000000008f600000, 0x000000008f600000, 0x000000008f700000|  0%| F|  |TAMS 0x000000008f600000, 0x000000008f600000| Untracked 
|  39|0x000000008f700000, 0x000000008f700000, 0x000000008f800000|  0%| F|  |TAMS 0x000000008f700000, 0x000000008f700000| Untracked 
|  40|0x000000008f800000, 0x000000008f800000, 0x000000008f900000|  0%| F|  |TAMS 0x000000008f800000, 0x000000008f800000| Untracked 
|  41|0x000000008f900000, 0x000000008f900000, 0x000000008fa00000|  0%| F|  |TAMS 0x000000008f900000, 0x000000008f900000| Untracked 
|  42|0x000000008fa00000, 0x000000008fa00000, 0x000000008fb00000|  0%| F|  |TAMS 0x000000008fa00000, 0x000000008fa00000| Untracked 
|  43|0x000000008fb00000, 0x000000008fb00000, 0x000000008fc00000|  0%| F|  |TAMS 0x000000008fb00000, 0x000000008fb00000| Untracked 
|  44|0x000000008fc00000, 0x000000008fc00000, 0x000000008fd00000|  0%| F|  |TAMS 0x000000008fc00000, 0x000000008fc00000| Untracked 
|  45|0x000000008fd00000, 0x000000008fd00000, 0x000000008fe00000|  0%| F|  |TAMS 0x000000008fd00000, 0x000000008fd00000| Untracked 
|  46|0x000000008fe00000, 0x000000008fe00000, 0x000000008ff00000|  0%| F|  |TAMS 0x000000008fe00000, 0x000000008fe00000| Untracked 
|  47|0x000000008ff00000, 0x000000008ff00000, 0x0000000090000000|  0%| F|  |TAMS 0x000000008ff00000, 0x000000008ff00000| Untracked 
|  48|0x0000000090000000, 0x0000000090000000, 0x0000000090100000|  0%| F|  |TAMS 0x0000000090000000, 0x0000000090000000| Untracked 
|  49|0x0000000090100000, 0x0000000090100000, 0x0000000090200000|  0%| F|  |TAMS 0x0000000090100000, 0x0000000090100000| Untracked 
|  50|0x0000000090200000, 0x0000000090200000, 0x0000000090300000|  0%| F|  |TAMS 0x0000000090200000, 0x0000000090200000| Untracked 
|  51|0x0000000090300000, 0x0000000090300000, 0x0000000090400000|  0%| F|  |TAMS 0x0000000090300000, 0x0000000090300000| Untracked 
|  52|0x0000000090400000, 0x0000000090400000, 0x0000000090500000|  0%| F|  |TAMS 0x0000000090400000, 0x0000000090400000| Untracked 
|  53|0x0000000090500000, 0x0000000090500000, 0x0000000090600000|  0%| F|  |TAMS 0x0000000090500000, 0x0000000090500000| Untracked 
|  54|0x0000000090600000, 0x0000000090600000, 0x0000000090700000|  0%| F|  |TAMS 0x0000000090600000, 0x0000000090600000| Untracked 
|  55|0x0000000090700000, 0x0000000090700000, 0x0000000090800000|  0%| F|  |TAMS 0x0000000090700000, 0x0000000090700000| Untracked 
|  56|0x0000000090800000, 0x0000000090800000, 0x0000000090900000|  0%| F|  |TAMS 0x0000000090800000, 0x0000000090800000| Untracked 
|  57|0x0000000090900000, 0x0000000090900000, 0x0000000090a00000|  0%| F|  |TAMS 0x0000000090900000, 0x0000000090900000| Untracked 
|  58|0x0000000090a00000, 0x0000000090a00000, 0x0000000090b00000|  0%| F|  |TAMS 0x0000000090a00000, 0x0000000090a00000| Untracked 
|  59|0x0000000090b00000, 0x0000000090b00000, 0x0000000090c00000|  0%| F|  |TAMS 0x0000000090b00000, 0x0000000090b00000| Untracked 
|  60|0x0000000090c00000, 0x0000000090c00000, 0x0000000090d00000|  0%| F|  |TAMS 0x0000000090c00000, 0x0000000090c00000| Untracked 
|  61|0x0000000090d00000, 0x0000000090d00000, 0x0000000090e00000|  0%| F|  |TAMS 0x0000000090d00000, 0x0000000090d00000| Untracked 
|  62|0x0000000090e00000, 0x0000000090e00000, 0x0000000090f00000|  0%| F|  |TAMS 0x0000000090e00000, 0x0000000090e00000| Untracked 
|  63|0x0000000090f00000, 0x0000000090f00000, 0x0000000091000000|  0%| F|  |TAMS 0x0000000090f00000, 0x0000000090f00000| Untracked 
|  64|0x0000000091000000, 0x0000000091000000, 0x0000000091100000|  0%| F|  |TAMS 0x0000000091000000, 0x0000000091000000| Untracked 
|  65|0x0000000091100000, 0x0000000091100000, 0x0000000091200000|  0%| F|  |TAMS 0x0000000091100000, 0x0000000091100000| Untracked 
|  66|0x0000000091200000, 0x0000000091200000, 0x0000000091300000|  0%| F|  |TAMS 0x0000000091200000, 0x0000000091200000| Untracked 
|  67|0x0000000091300000, 0x0000000091300000, 0x0000000091400000|  0%| F|  |TAMS 0x0000000091300000, 0x0000000091300000| Untracked 
|  68|0x0000000091400000, 0x0000000091400000, 0x0000000091500000|  0%| F|  |TAMS 0x0000000091400000, 0x0000000091400000| Untracked 
|  69|0x0000000091500000, 0x0000000091500000, 0x0000000091600000|  0%| F|  |TAMS 0x0000000091500000, 0x0000000091500000| Untracked 
|  70|0x0000000091600000, 0x0000000091600000, 0x0000000091700000|  0%| F|  |TAMS 0x0000000091600000, 0x0000000091600000| Untracked 
|  71|0x0000000091700000, 0x0000000091700000, 0x0000000091800000|  0%| F|  |TAMS 0x0000000091700000, 0x0000000091700000| Untracked 
|  72|0x0000000091800000, 0x0000000091800000, 0x0000000091900000|  0%| F|  |TAMS 0x0000000091800000, 0x0000000091800000| Untracked 
|  73|0x0000000091900000, 0x0000000091900000, 0x0000000091a00000|  0%| F|  |TAMS 0x0000000091900000, 0x0000000091900000| Untracked 
|  74|0x0000000091a00000, 0x0000000091a00000, 0x0000000091b00000|  0%| F|  |TAMS 0x0000000091a00000, 0x0000000091a00000| Untracked 
|  75|0x0000000091b00000, 0x0000000091b00000, 0x0000000091c00000|  0%| F|  |TAMS 0x0000000091b00000, 0x0000000091b00000| Untracked 
|  76|0x0000000091c00000, 0x0000000091c00000, 0x0000000091d00000|  0%| F|  |TAMS 0x0000000091c00000, 0x0000000091c00000| Untracked 
|  77|0x0000000091d00000, 0x0000000091d00000, 0x0000000091e00000|  0%| F|  |TAMS 0x0000000091d00000, 0x0000000091d00000| Untracked 
|  78|0x0000000091e00000, 0x0000000091e00000, 0x0000000091f00000|  0%| F|  |TAMS 0x0000000091e00000, 0x0000000091e00000| Untracked 
|  79|0x0000000091f00000, 0x0000000091f00000, 0x0000000092000000|  0%| F|  |TAMS 0x0000000091f00000, 0x0000000091f00000| Untracked 
|  80|0x0000000092000000, 0x0000000092000000, 0x0000000092100000|  0%| F|  |TAMS 0x0000000092000000, 0x0000000092000000| Untracked 
|  81|0x0000000092100000, 0x0000000092100000, 0x0000000092200000|  0%| F|  |TAMS 0x0000000092100000, 0x0000000092100000| Untracked 
|  82|0x0000000092200000, 0x0000000092200000, 0x0000000092300000|  0%| F|  |TAMS 0x0000000092200000, 0x0000000092200000| Untracked 
|  83|0x0000000092300000, 0x0000000092300000, 0x0000000092400000|  0%| F|  |TAMS 0x0000000092300000, 0x0000000092300000| Untracked 
|  84|0x0000000092400000, 0x0000000092400000, 0x0000000092500000|  0%| F|  |TAMS 0x0000000092400000, 0x0000000092400000| Untracked 
|  85|0x0000000092500000, 0x0000000092500000, 0x0000000092600000|  0%| F|  |TAMS 0x0000000092500000, 0x0000000092500000| Untracked 
|  86|0x0000000092600000, 0x0000000092600000, 0x0000000092700000|  0%| F|  |TAMS 0x0000000092600000, 0x0000000092600000| Untracked 
|  87|0x0000000092700000, 0x0000000092700000, 0x0000000092800000|  0%| F|  |TAMS 0x0000000092700000, 0x0000000092700000| Untracked 
|  88|0x0000000092800000, 0x0000000092800000, 0x0000000092900000|  0%| F|  |TAMS 0x0000000092800000, 0x0000000092800000| Untracked 
|  89|0x0000000092900000, 0x0000000092900000, 0x0000000092a00000|  0%| F|  |TAMS 0x0000000092900000, 0x0000000092900000| Untracked 
|  90|0x0000000092a00000, 0x0000000092a00000, 0x0000000092b00000|  0%| F|  |TAMS 0x0000000092a00000, 0x0000000092a00000| Untracked 
|  91|0x0000000092b00000, 0x0000000092b00000, 0x0000000092c00000|  0%| F|  |TAMS 0x0000000092b00000, 0x0000000092b00000| Untracked 
|  92|0x0000000092c00000, 0x0000000092c00000, 0x0000000092d00000|  0%| F|  |TAMS 0x0000000092c00000, 0x0000000092c00000| Untracked 
|  93|0x0000000092d00000, 0x0000000092d00000, 0x0000000092e00000|  0%| F|  |TAMS 0x0000000092d00000, 0x0000000092d00000| Untracked 
|  94|0x0000000092e00000, 0x0000000092e00000, 0x0000000092f00000|  0%| F|  |TAMS 0x0000000092e00000, 0x0000000092e00000| Untracked 
|  95|0x0000000092f00000, 0x0000000092ff9d30, 0x0000000093000000| 97%| E|  |TAMS 0x0000000092f00000, 0x0000000092f00000| Complete 
|  96|0x0000000093000000, 0x0000000093100000, 0x0000000093100000|100%| E|  |TAMS 0x0000000093000000, 0x0000000093000000| Complete 
|  97|0x0000000093100000, 0x0000000093200000, 0x0000000093200000|100%| E|CS|TAMS 0x0000000093100000, 0x0000000093100000| Complete 
|  98|0x0000000093200000, 0x0000000093300000, 0x0000000093300000|100%| E|CS|TAMS 0x0000000093200000, 0x0000000093200000| Complete 
|  99|0x0000000093300000, 0x0000000093400000, 0x0000000093400000|100%| E|CS|TAMS 0x0000000093300000, 0x0000000093300000| Complete 
| 100|0x0000000093400000, 0x0000000093500000, 0x0000000093500000|100%| E|CS|TAMS 0x0000000093400000, 0x0000000093400000| Complete 
| 101|0x0000000093500000, 0x0000000093600000, 0x0000000093600000|100%| E|CS|TAMS 0x0000000093500000, 0x0000000093500000| Complete 
| 102|0x0000000093600000, 0x0000000093700000, 0x0000000093700000|100%| E|CS|TAMS 0x0000000093600000, 0x0000000093600000| Complete 
| 103|0x0000000093700000, 0x0000000093800000, 0x0000000093800000|100%| E|CS|TAMS 0x0000000093700000, 0x0000000093700000| Complete 
| 104|0x0000000093800000, 0x0000000093900000, 0x0000000093900000|100%| E|CS|TAMS 0x0000000093800000, 0x0000000093800000| Complete 
| 105|0x0000000093900000, 0x0000000093a00000, 0x0000000093a00000|100%| E|CS|TAMS 0x0000000093900000, 0x0000000093900000| Complete 
| 106|0x0000000093a00000, 0x0000000093b00000, 0x0000000093b00000|100%| E|CS|TAMS 0x0000000093a00000, 0x0000000093a00000| Complete 
| 107|0x0000000093b00000, 0x0000000093c00000, 0x0000000093c00000|100%| E|CS|TAMS 0x0000000093b00000, 0x0000000093b00000| Complete 
| 108|0x0000000093c00000, 0x0000000093d00000, 0x0000000093d00000|100%| E|CS|TAMS 0x0000000093c00000, 0x0000000093c00000| Complete 
| 109|0x0000000093d00000, 0x0000000093e00000, 0x0000000093e00000|100%| E|CS|TAMS 0x0000000093d00000, 0x0000000093d00000| Complete 
| 110|0x0000000093e00000, 0x0000000093f00000, 0x0000000093f00000|100%| E|CS|TAMS 0x0000000093e00000, 0x0000000093e00000| Complete 
| 111|0x0000000093f00000, 0x0000000094000000, 0x0000000094000000|100%| E|CS|TAMS 0x0000000093f00000, 0x0000000093f00000| Complete 
| 112|0x0000000094000000, 0x0000000094100000, 0x0000000094100000|100%| E|CS|TAMS 0x0000000094000000, 0x0000000094000000| Complete 
| 113|0x0000000094100000, 0x0000000094200000, 0x0000000094200000|100%| E|CS|TAMS 0x0000000094100000, 0x0000000094100000| Complete 
| 114|0x0000000094200000, 0x0000000094300000, 0x0000000094300000|100%| E|CS|TAMS 0x0000000094200000, 0x0000000094200000| Complete 
| 115|0x0000000094300000, 0x0000000094400000, 0x0000000094400000|100%| E|CS|TAMS 0x0000000094300000, 0x0000000094300000| Complete 
|1838|0x00000000ffe00000, 0x00000000ffe48000, 0x00000000fff00000| 28%|OA|  |TAMS 0x00000000ffe00000, 0x00000000ffe00000| Untracked 
|1839|0x00000000fff00000, 0x00000000fff6b000, 0x0000000100000000| 41%|CA|  |TAMS 0x00000000fff00000, 0x00000000fff00000| Untracked 

Card table byte_map: [0x00007ff7609d8000,0x00007ff760d70000] _byte_map_base: 0x00007ff760570000

Marking Bits (Prev, Next): (CMBitMap*) 0x00007ff75c0561d8, (CMBitMap*) 0x00007ff75c056210
 Prev Bits: [0x00007ff73e340000, 0x00007ff740000000)
 Next Bits: [0x00007ff73c680000, 0x00007ff73e340000)

Polling page: 0x00007ff763bdc000

Metaspace:

Usage:
  Non-class:      6.70 MB capacity,     6.35 MB ( 95%) used,   338.86 KB (  5%) free+waste,    12.56 KB ( <1%) overhead. 
      Class:    830.00 KB capacity,   787.36 KB ( 95%) used,    36.39 KB (  4%) free+waste,     6.25 KB ( <1%) overhead. 
       Both:      7.51 MB capacity,     7.12 MB ( 95%) used,   375.25 KB (  5%) free+waste,    18.81 KB ( <1%) overhead. 

Virtual space:
  Non-class space:        8.00 MB reserved,       6.75 MB ( 84%) committed 
      Class space:        1.00 GB reserved,     896.00 KB ( <1%) committed 
             Both:        1.01 GB reserved,       7.62 MB ( <1%) committed 

Chunk freelists:
   Non-Class:  54.00 KB
       Class:  2.00 KB
        Both:  56.00 KB

MaxMetaspaceSize: unlimited
CompressedClassSpaceSize: 1.00 GB
Initial GC threshold: 20.80 MB
Current GC threshold: 20.80 MB
CDS: on

CodeHeap 'non-profiled nmethods': size=119172Kb used=386Kb max_used=386Kb free=118785Kb
 bounds [0x00007ff74c19f000, 0x00007ff74c40f000, 0x00007ff753600000]
CodeHeap 'profiled nmethods': size=119168Kb used=2768Kb max_used=2768Kb free=116399Kb
 bounds [0x00007ff744d3f000, 0x00007ff744fff000, 0x00007ff74c19f000]
CodeHeap 'non-nmethods': size=7420Kb used=1484Kb max_used=2855Kb free=5935Kb
 bounds [0x00007ff744600000, 0x00007ff7448d0000, 0x00007ff744d3f000]
 total_blobs=1903 nmethods=1401 adapters=416
 compilation: enabled
              stopped_count=0, restarted_count=0
 full_count=0

Compilation events (20 events):
Event: 45.921 Thread 0x00007ff75c1a8800 1331       4       com.google.gson.stream.JsonReader::doPeek (744 bytes)
Event: 45.937 Thread 0x00007ff75c1aa800 1412       3       java.lang.String::endsWith (15 bytes)
Event: 45.938 Thread 0x00007ff75c1aa800 nmethod 1412 0x00007ff744ff0f90 code [0x00007ff744ff1180, 0x00007ff744ff14c0]
Event: 45.939 Thread 0x00007ff71013d800 1413       3       java.util.LinkedList$Node::<init> (20 bytes)
Event: 45.940 Thread 0x00007ff71013d800 nmethod 1413 0x00007ff744ff1690 code [0x00007ff744ff1840, 0x00007ff744ff1ad0]
Event: 45.943 Thread 0x00007ff71013c800 1415       3       java.lang.String::getChars (54 bytes)
Event: 45.944 Thread 0x00007ff71013c800 nmethod 1415 0x00007ff744ff1b90 code [0x00007ff744ff1da0, 0x00007ff744ff2270]
Event: 45.944 Thread 0x00007ff71013c800 1416       3       java.lang.StringLatin1::getChars (12 bytes)
Event: 45.945 Thread 0x00007ff71013c800 nmethod 1416 0x00007ff744ff2490 code [0x00007ff744ff2640, 0x00007ff744ff2740]
Event: 45.945 Thread 0x00007ff71013c800 1417       3       java.io.BufferedInputStream::getBufIfOpen (21 bytes)
Event: 45.945 Thread 0x00007ff71013c800 nmethod 1417 0x00007ff744ff2810 code [0x00007ff744ff29e0, 0x00007ff744ff2c20]
Event: 45.955 Thread 0x00007ff75c1a8800 nmethod 1331 0x00007ff74c1fd290 code [0x00007ff74c1fd500, 0x00007ff74c1fdde0]
Event: 45.955 Thread 0x00007ff75c1a8800 1414       4       java.lang.StringLatin1::inflate (34 bytes)
Event: 45.967 Thread 0x00007ff75c1a8800 nmethod 1414 0x00007ff74c1fe590 code [0x00007ff74c1fe720, 0x00007ff74c1fea18]
Event: 45.967 Thread 0x00007ff75c1a8800 1401       4       com.google.gson.stream.JsonReader::hasNext (30 bytes)
Event: 45.971 Thread 0x00007ff75c1a8800 nmethod 1401 0x00007ff74c1feb10 code [0x00007ff74c1fecc0, 0x00007ff74c1fed88]
Event: 45.971 Thread 0x00007ff75c1a8800 1405       4       com.google.gson.internal.bind.JsonTreeReader::expect (55 bytes)
Event: 45.973 Thread 0x00007ff75c1a8800 nmethod 1405 0x00007ff74c1fee90 code [0x00007ff74c1ff040, 0x00007ff74c1ff0e8]
Event: 6658.881 Thread 0x00007ff75c1aa800 1419       3       java.lang.ThreadLocal$ThreadLocalMap::getEntry (42 bytes)
Event: 6658.898 Thread 0x00007ff75c1aa800 nmethod 1419 0x00007ff744ff2d10 code [0x00007ff744ff2ee0, 0x00007ff744ff31c0]

GC Heap History (0 events):
No events

Deoptimization events (20 events):
Event: 0.794 Thread 0x00007ff75c015800 DEOPT PACKING pc=0x00007ff74c1c4b34 sp=0x00007ff7637fc0f0
Event: 0.794 Thread 0x00007ff75c015800 DEOPT UNPACKING pc=0x00007ff744649ea5 sp=0x00007ff7637fc080 mode 2
Event: 1.580 Thread 0x00007ff75c420000 DEOPT PACKING pc=0x00007ff744f451e6 sp=0x00007ff7343fb440
Event: 1.580 Thread 0x00007ff75c420000 DEOPT UNPACKING pc=0x00007ff74464a64a sp=0x00007ff7343fa958 mode 0
Event: 45.701 Thread 0x00007ff75c420000 Uncommon trap: trap_request=0xffffff4d fr.pc=0x00007ff74c1f2fe4 relative=0x0000000000000124
Event: 45.701 Thread 0x00007ff75c420000 Uncommon trap: reason=unstable_if action=reinterpret pc=0x00007ff74c1f2fe4 method=java.lang.ThreadLocal$ThreadLocalMap.getEntry(Ljava/lang/ThreadLocal;)Ljava/lang/ThreadLocal$ThreadLocalMap$Entry; @ 29 c2
Event: 45.701 Thread 0x00007ff75c420000 DEOPT PACKING pc=0x00007ff74c1f2fe4 sp=0x00007ff7343fb820
Event: 45.701 Thread 0x00007ff75c420000 DEOPT UNPACKING pc=0x00007ff744649ea5 sp=0x00007ff7343fb758 mode 2
Event: 45.701 Thread 0x00007ff75c420000 Uncommon trap: trap_request=0xffffff4d fr.pc=0x00007ff74c1f34bc relative=0x00000000000000fc
Event: 45.701 Thread 0x00007ff75c420000 Uncommon trap: reason=unstable_if action=reinterpret pc=0x00007ff74c1f34bc method=java.lang.ThreadLocal$ThreadLocalMap.getEntry(Ljava/lang/ThreadLocal;)Ljava/lang/ThreadLocal$ThreadLocalMap$Entry; @ 29 c2
Event: 45.701 Thread 0x00007ff75c420000 DEOPT PACKING pc=0x00007ff74c1f34bc sp=0x00007ff7343fb5d0
Event: 45.701 Thread 0x00007ff75c420000 DEOPT UNPACKING pc=0x00007ff744649ea5 sp=0x00007ff7343fb588 mode 2
Event: 45.942 Thread 0x00007ff75c420000 DEOPT PACKING pc=0x00007ff744f15559 sp=0x00007ff7343fb820
Event: 45.943 Thread 0x00007ff75c420000 DEOPT UNPACKING pc=0x00007ff74464a64a sp=0x00007ff7343face0 mode 0
Event: 45.943 Thread 0x00007ff75c420000 DEOPT PACKING pc=0x00007ff744f15559 sp=0x00007ff7343fb820
Event: 45.943 Thread 0x00007ff75c420000 DEOPT UNPACKING pc=0x00007ff74464a64a sp=0x00007ff7343face0 mode 0
Event: 45.943 Thread 0x00007ff75c420000 DEOPT PACKING pc=0x00007ff744f15559 sp=0x00007ff7343fb820
Event: 45.943 Thread 0x00007ff75c420000 DEOPT UNPACKING pc=0x00007ff74464a64a sp=0x00007ff7343face0 mode 0
Event: 45.943 Thread 0x00007ff75c420000 DEOPT PACKING pc=0x00007ff744f15559 sp=0x00007ff7343fb820
Event: 45.943 Thread 0x00007ff75c420000 DEOPT UNPACKING pc=0x00007ff74464a64a sp=0x00007ff7343face0 mode 0

Classes redefined (0 events):
No events

Internal exceptions (2 events):
Event: 0.393 Thread 0x00007ff75c015800 Exception <a 'java/lang/NoSuchMethodError'{0x0000000093df11e0}: 'void java.lang.invoke.DirectMethodHandle$Holder.invokeVirtual(java.lang.Object, java.lang.Object)'> (0x0000000093df11e0) thrown at [./src/hotspot/share/interpreter/linkResolver.cpp, line 772]
Event: 1.211 Thread 0x00007ff75c015800 Exception <a 'java/lang/NoSuchMethodError'{0x0000000093505ae8}: 'void java.lang.invoke.DirectMethodHandle$Holder.invokeSpecial(java.lang.Object, java.lang.Object, java.lang.Object, java.lang.Object)'> (0x0000000093505ae8) thrown at [./src/hotspot/share/interpreter/linkResolver.cpp, line 772]

Events (20 events):
Event: 45.919 loading class org/codehaus/groovy/control/customizers/CompilationCustomizer done
Event: 45.919 loading class org/codehaus/groovy/control/CompilationUnit$IPrimaryClassNodeOperation
Event: 45.919 loading class org/codehaus/groovy/control/CompilationUnit$IPrimaryClassNodeOperation done
Event: 45.921 loading class org/codehaus/groovy/control/CompilationUnit$PhaseOperation
Event: 45.921 loading class org/codehaus/groovy/control/CompilationUnit$PhaseOperation done
Event: 45.922 loading class org/codehaus/groovy/GroovyBugError
Event: 45.922 loading class org/codehaus/groovy/GroovyBugError done
Event: 45.925 loading class org/codehaus/groovy/control/messages/ExceptionMessage
Event: 45.925 loading class org/codehaus/groovy/control/messages/ExceptionMessage done
Event: 45.927 loading class org/codehaus/groovy/control/CompilePhase
Event: 45.927 loading class org/codehaus/groovy/control/CompilePhase done
Event: 45.929 loading class com/microsoft/gradle/compile/GradleDefaultImport
Event: 45.929 loading class com/microsoft/gradle/compile/GradleDefaultImport done
Event: 45.933 loading class org/codehaus/groovy/control/customizers/ImportCustomizer$Import
Event: 45.933 loading class org/codehaus/groovy/control/customizers/ImportCustomizer$Import done
Event: 45.935 loading class org/codehaus/groovy/control/customizers/ImportCustomizer$ImportType
Event: 45.935 loading class org/codehaus/groovy/control/customizers/ImportCustomizer$ImportType done
Event: 50.946 Thread 0x00007ff71013d800 Thread exited: 0x00007ff71013d800
Event: 55.945 Thread 0x00007ff71013c800 Thread exited: 0x00007ff71013c800
Event: 6060.180 Loaded shared library /usr/lib/jvm/java-11-openjdk-amd64/lib/server/libjvm.so


Dynamic libraries:
8d000000-94400000 rw-p 00000000 00:00 0 
94400000-ffe00000 ---p 00000000 00:00 0 
ffe00000-ffe48000 rw-p 00b0a000 103:05 2101277                           /usr/lib/jvm/java-11-openjdk-amd64/lib/server/classes.jsa
ffe48000-fff00000 rw-p 00000000 00:00 0 
fff00000-fff6b000 rw-p 00a9f000 103:05 2101277                           /usr/lib/jvm/java-11-openjdk-amd64/lib/server/classes.jsa
fff6b000-100000000 rw-p 00000000 00:00 0 
800000000-800002000 rwxp 00001000 103:05 2101277                         /usr/lib/jvm/java-11-openjdk-amd64/lib/server/classes.jsa
800002000-8003cc000 rw-p 00003000 103:05 2101277                         /usr/lib/jvm/java-11-openjdk-amd64/lib/server/classes.jsa
8003cc000-800a9d000 r--p 003cd000 103:05 2101277                         /usr/lib/jvm/java-11-openjdk-amd64/lib/server/classes.jsa
800a9d000-800a9e000 rw-p 00a9e000 103:05 2101277                         /usr/lib/jvm/java-11-openjdk-amd64/lib/server/classes.jsa
840000000-8400e0000 rw-p 00000000 00:00 0 
8400e0000-880000000 ---p 00000000 00:00 0 
559620cea000-559620ceb000 r--p 00000000 103:05 2102105                   /usr/lib/jvm/java-11-openjdk-amd64/bin/java
559620ceb000-559620cec000 r-xp 00001000 103:05 2102105                   /usr/lib/jvm/java-11-openjdk-amd64/bin/java
559620cec000-559620ced000 r--p 00002000 103:05 2102105                   /usr/lib/jvm/java-11-openjdk-amd64/bin/java
559620ced000-559620cee000 r--p 00002000 103:05 2102105                   /usr/lib/jvm/java-11-openjdk-amd64/bin/java
559620cee000-559620cef000 rw-p 00003000 103:05 2102105                   /usr/lib/jvm/java-11-openjdk-amd64/bin/java
559621c7b000-559621cc8000 rw-p 00000000 00:00 0                          [heap]
7ff6ec000000-7ff6ec12d000 rw-p 00000000 00:00 0 
7ff6ec12d000-7ff6f0000000 ---p 00000000 00:00 0 
7ff6f0000000-7ff6f0091000 rw-p 00000000 00:00 0 
7ff6f0091000-7ff6f4000000 ---p 00000000 00:00 0 
7ff6f4000000-7ff6f40bf000 rw-p 00000000 00:00 0 
7ff6f40bf000-7ff6f8000000 ---p 00000000 00:00 0 
7ff6f8000000-7ff6f80b0000 rw-p 00000000 00:00 0 
7ff6f80b0000-7ff6fc000000 ---p 00000000 00:00 0 
7ff6fc000000-7ff6fc021000 rw-p 00000000 00:00 0 
7ff6fc021000-7ff700000000 ---p 00000000 00:00 0 
7ff700000000-7ff700021000 rw-p 00000000 00:00 0 
7ff700021000-7ff704000000 ---p 00000000 00:00 0 
7ff704000000-7ff704021000 rw-p 00000000 00:00 0 
7ff704021000-7ff708000000 ---p 00000000 00:00 0 
7ff708000000-7ff7080d4000 rw-p 00000000 00:00 0 
7ff7080d4000-7ff70c000000 ---p 00000000 00:00 0 
7ff70c000000-7ff70c219000 rw-p 00000000 00:00 0 
7ff70c219000-7ff710000000 ---p 00000000 00:00 0 
7ff710000000-7ff710174000 rw-p 00000000 00:00 0 
7ff710174000-7ff714000000 ---p 00000000 00:00 0 
7ff714000000-7ff714021000 rw-p 00000000 00:00 0 
7ff714021000-7ff718000000 ---p 00000000 00:00 0 
7ff718000000-7ff718021000 rw-p 00000000 00:00 0 
7ff718021000-7ff71c000000 ---p 00000000 00:00 0 
7ff71c000000-7ff71c021000 rw-p 00000000 00:00 0 
7ff71c021000-7ff720000000 ---p 00000000 00:00 0 
7ff720000000-7ff720021000 rw-p 00000000 00:00 0 
7ff720021000-7ff724000000 ---p 00000000 00:00 0 
7ff724000000-7ff724021000 rw-p 00000000 00:00 0 
7ff724021000-7ff728000000 ---p 00000000 00:00 0 
7ff728000000-7ff728021000 rw-p 00000000 00:00 0 
7ff728021000-7ff72c000000 ---p 00000000 00:00 0 
7ff72c000000-7ff72c021000 rw-p 00000000 00:00 0 
7ff72c021000-7ff730000000 ---p 00000000 00:00 0 
7ff730000000-7ff730021000 rw-p 00000000 00:00 0 
7ff730021000-7ff734000000 ---p 00000000 00:00 0 
7ff7341fe000-7ff734202000 ---p 00000000 00:00 0 
7ff734202000-7ff7342fe000 rw-p 00000000 00:00 0 
7ff7342fe000-7ff734302000 ---p 00000000 00:00 0 
7ff734302000-7ff7343fe000 rw-p 00000000 00:00 0 
7ff7343fe000-7ff734402000 ---p 00000000 00:00 0 
7ff734402000-7ff7344fe000 rw-p 00000000 00:00 0 
7ff7344fe000-7ff734502000 ---p 00000000 00:00 0 
7ff734502000-7ff7345fe000 rw-p 00000000 00:00 0 
7ff7345fe000-7ff734602000 ---p 00000000 00:00 0 
7ff734602000-7ff7346fe000 rw-p 00000000 00:00 0 
7ff7346fe000-7ff7346ff000 ---p 00000000 00:00 0 
7ff7346ff000-7ff734800000 rw-p 00000000 00:00 0 
7ff734800000-7ff734804000 ---p 00000000 00:00 0 
7ff734804000-7ff734900000 rw-p 00000000 00:00 0 
7ff734900000-7ff734904000 ---p 00000000 00:00 0 
7ff734904000-7ff734a00000 rw-p 00000000 00:00 0 
7ff734a00000-7ff734a04000 ---p 00000000 00:00 0 
7ff734a04000-7ff734b00000 rw-p 00000000 00:00 0 
7ff734b00000-7ff734b04000 ---p 00000000 00:00 0 
7ff734b04000-7ff734c00000 rw-p 00000000 00:00 0 
7ff734c00000-7ff734c04000 ---p 00000000 00:00 0 
7ff734c04000-7ff734d00000 rw-p 00000000 00:00 0 
7ff734d00000-7ff734d04000 ---p 00000000 00:00 0 
7ff734d04000-7ff734e00000 rw-p 00000000 00:00 0 
7ff734e00000-7ff735487000 r--p 00000000 103:05 1843079                   /usr/lib/locale/locale-archive
7ff7354fe000-7ff735502000 ---p 00000000 00:00 0 
7ff735502000-7ff7355fe000 rw-p 00000000 00:00 0 
7ff7355fe000-7ff735602000 ---p 00000000 00:00 0 
7ff735602000-7ff7356fe000 rw-p 00000000 00:00 0 
7ff7356fe000-7ff7356ff000 ---p 00000000 00:00 0 
7ff7356ff000-7ff735ec0000 rw-p 00000000 00:00 0 
7ff735ec0000-7ff736000000 ---p 00000000 00:00 0 
7ff736000000-7ff738021000 rw-p 00000000 00:00 0 
7ff738021000-7ff73c000000 ---p 00000000 00:00 0 
7ff73c078000-7ff73c079000 ---p 00000000 00:00 0 
7ff73c079000-7ff73c17a000 rw-p 00000000 00:00 0 
7ff73c17a000-7ff73c17b000 ---p 00000000 00:00 0 
7ff73c17b000-7ff73c850000 rw-p 00000000 00:00 0 
7ff73c850000-7ff73e338000 ---p 00000000 00:00 0 
7ff73e338000-7ff73e510000 rw-p 00000000 00:00 0 
7ff73e510000-7ff73fff8000 ---p 00000000 00:00 0 
7ff73fff8000-7ff740021000 rw-p 00000000 00:00 0 
7ff740021000-7ff744000000 ---p 00000000 00:00 0 
7ff7440fb000-7ff744600000 rw-p 00000000 00:00 0 
7ff744600000-7ff7448d0000 rwxp 00000000 00:00 0 
7ff7448d0000-7ff744d3f000 ---p 00000000 00:00 0 
7ff744d3f000-7ff744fff000 rwxp 00000000 00:00 0 
7ff744fff000-7ff74c19f000 ---p 00000000 00:00 0 
7ff74c19f000-7ff74c40f000 rwxp 00000000 00:00 0 
7ff74c40f000-7ff753600000 ---p 00000000 00:00 0 
7ff753600000-7ff75be08000 r--s 00000000 103:05 2102341                   /usr/lib/jvm/java-11-openjdk-amd64/lib/modules
7ff75beff000-7ff75c427000 rw-p 00000000 00:00 0 
7ff75c427000-7ff760000000 ---p 00000000 00:00 0 
7ff760007000-7ff76038b000 rw-p 00000000 00:00 0 
7ff76038b000-7ff76038c000 ---p 00000000 00:00 0 
7ff76038c000-7ff76048d000 rw-p 00000000 00:00 0 
7ff76048d000-7ff76048e000 ---p 00000000 00:00 0 
7ff76048e000-7ff76067a000 rw-p 00000000 00:00 0 
7ff76067a000-7ff7609d7000 ---p 00000000 00:00 0 
7ff7609d7000-7ff760a12000 rw-p 00000000 00:00 0 
7ff760a12000-7ff760d6f000 ---p 00000000 00:00 0 
7ff760d6f000-7ff760daa000 rw-p 00000000 00:00 0 
7ff760daa000-7ff761107000 ---p 00000000 00:00 0 
7ff761107000-7ff761e15000 rw-p 00000000 00:00 0 
7ff761e15000-7ff761e16000 ---p 00000000 00:00 0 
7ff761e16000-7ff761f1c000 rw-p 00000000 00:00 0 
7ff761f1c000-7ff762000000 ---p 00000000 00:00 0 
7ff762000000-7ff76209c000 r--p 00000000 103:05 1843254                   /usr/lib/x86_64-linux-gnu/libstdc++.so.6.0.31
7ff76209c000-7ff7621cb000 r-xp 0009c000 103:05 1843254                   /usr/lib/x86_64-linux-gnu/libstdc++.so.6.0.31
7ff7621cb000-7ff762258000 r--p 001cb000 103:05 1843254                   /usr/lib/x86_64-linux-gnu/libstdc++.so.6.0.31
7ff762258000-7ff762263000 r--p 00257000 103:05 1843254                   /usr/lib/x86_64-linux-gnu/libstdc++.so.6.0.31
7ff762263000-7ff762266000 rw-p 00262000 103:05 1843254                   /usr/lib/x86_64-linux-gnu/libstdc++.so.6.0.31
7ff762266000-7ff76226a000 rw-p 00000000 00:00 0 
7ff7622bc000-7ff76231d000 rw-p 00000000 00:00 0 
7ff76231d000-7ff762400000 ---p 00000000 00:00 0 
7ff762400000-7ff762682000 r--p 00000000 103:05 2102344                   /usr/lib/jvm/java-11-openjdk-amd64/lib/server/libjvm.so
7ff762682000-7ff76331b000 r-xp 00282000 103:05 2102344                   /usr/lib/jvm/java-11-openjdk-amd64/lib/server/libjvm.so
7ff76331b000-7ff763576000 r--p 00f1b000 103:05 2102344                   /usr/lib/jvm/java-11-openjdk-amd64/lib/server/libjvm.so
7ff763576000-7ff76363a000 r--p 01175000 103:05 2102344                   /usr/lib/jvm/java-11-openjdk-amd64/lib/server/libjvm.so
7ff76363a000-7ff763675000 rw-p 01239000 103:05 2102344                   /usr/lib/jvm/java-11-openjdk-amd64/lib/server/libjvm.so
7ff763675000-7ff7636cc000 rw-p 00000000 00:00 0 
7ff763700000-7ff763704000 ---p 00000000 00:00 0 
7ff763704000-7ff763800000 rw-p 00000000 00:00 0 
7ff763800000-7ff763822000 r--p 00000000 103:05 1840741                   /usr/lib/x86_64-linux-gnu/libc.so.6
7ff763822000-7ff76399a000 r-xp 00022000 103:05 1840741                   /usr/lib/x86_64-linux-gnu/libc.so.6
7ff76399a000-7ff7639f2000 r--p 0019a000 103:05 1840741                   /usr/lib/x86_64-linux-gnu/libc.so.6
7ff7639f2000-7ff7639f6000 r--p 001f1000 103:05 1840741                   /usr/lib/x86_64-linux-gnu/libc.so.6
7ff7639f6000-7ff7639f8000 rw-p 001f5000 103:05 1840741                   /usr/lib/x86_64-linux-gnu/libc.so.6
7ff7639f8000-7ff763a05000 rw-p 00000000 00:00 0 
7ff763a25000-7ff763a2c000 r--s 00000000 103:05 2496597                   /usr/lib/x86_64-linux-gnu/gconv/gconv-modules.cache
7ff763a2c000-7ff763a30000 r--p 00000000 103:05 2102331                   /usr/lib/jvm/java-11-openjdk-amd64/lib/libnet.so
7ff763a30000-7ff763a3e000 r-xp 00004000 103:05 2102331                   /usr/lib/jvm/java-11-openjdk-amd64/lib/libnet.so
7ff763a3e000-7ff763a42000 r--p 00012000 103:05 2102331                   /usr/lib/jvm/java-11-openjdk-amd64/lib/libnet.so
7ff763a42000-7ff763a43000 r--p 00015000 103:05 2102331                   /usr/lib/jvm/java-11-openjdk-amd64/lib/libnet.so
7ff763a43000-7ff763a44000 rw-p 00016000 103:05 2102331                   /usr/lib/jvm/java-11-openjdk-amd64/lib/libnet.so
7ff763a44000-7ff763a4b000 r--p 00000000 103:05 2102332                   /usr/lib/jvm/java-11-openjdk-amd64/lib/libnio.so
7ff763a4b000-7ff763a53000 r-xp 00007000 103:05 2102332                   /usr/lib/jvm/java-11-openjdk-amd64/lib/libnio.so
7ff763a53000-7ff763a56000 r--p 0000f000 103:05 2102332                   /usr/lib/jvm/java-11-openjdk-amd64/lib/libnio.so
7ff763a56000-7ff763a57000 r--p 00011000 103:05 2102332                   /usr/lib/jvm/java-11-openjdk-amd64/lib/libnio.so
7ff763a57000-7ff763a58000 rw-p 00012000 103:05 2102332                   /usr/lib/jvm/java-11-openjdk-amd64/lib/libnio.so
7ff763a58000-7ff763a5e000 rw-p 00000000 00:00 0 
7ff763a5e000-7ff763a67000 ---p 00000000 00:00 0 
7ff763a67000-7ff763a69000 r--s 0000c000 103:05 2758661                   /usr/share/java/java-atk-wrapper.jar
7ff763a69000-7ff763a6b000 r--p 00000000 103:05 2102340                   /usr/lib/jvm/java-11-openjdk-amd64/lib/libzip.so
7ff763a6b000-7ff763a70000 r-xp 00002000 103:05 2102340                   /usr/lib/jvm/java-11-openjdk-amd64/lib/libzip.so
7ff763a70000-7ff763a72000 r--p 00007000 103:05 2102340                   /usr/lib/jvm/java-11-openjdk-amd64/lib/libzip.so
7ff763a72000-7ff763a73000 r--p 00008000 103:05 2102340                   /usr/lib/jvm/java-11-openjdk-amd64/lib/libzip.so
7ff763a73000-7ff763a74000 rw-p 00009000 103:05 2102340                   /usr/lib/jvm/java-11-openjdk-amd64/lib/libzip.so
7ff763a74000-7ff763a7c000 rw-s 00000000 103:05 5424968                   /tmp/hsperfdata_spacecat/57192
7ff763a7c000-7ff763a8a000 r--p 00000000 103:05 2102320                   /usr/lib/jvm/java-11-openjdk-amd64/lib/libjava.so
7ff763a8a000-7ff763aa0000 r-xp 0000e000 103:05 2102320                   /usr/lib/jvm/java-11-openjdk-amd64/lib/libjava.so
7ff763aa0000-7ff763aa7000 r--p 00024000 103:05 2102320                   /usr/lib/jvm/java-11-openjdk-amd64/lib/libjava.so
7ff763aa7000-7ff763aa8000 r--p 0002a000 103:05 2102320                   /usr/lib/jvm/java-11-openjdk-amd64/lib/libjava.so
7ff763aa8000-7ff763aa9000 rw-p 0002b000 103:05 2102320                   /usr/lib/jvm/java-11-openjdk-amd64/lib/libjava.so
7ff763aa9000-7ff763aaa000 rw-p 00000000 00:00 0 
7ff763aaa000-7ff763aab000 r--p 00000000 103:05 1840786                   /usr/lib/x86_64-linux-gnu/librt.so.1
7ff763aab000-7ff763aac000 r-xp 00001000 103:05 1840786                   /usr/lib/x86_64-linux-gnu/librt.so.1
7ff763aac000-7ff763aad000 r--p 00002000 103:05 1840786                   /usr/lib/x86_64-linux-gnu/librt.so.1
7ff763aad000-7ff763aae000 r--p 00002000 103:05 1840786                   /usr/lib/x86_64-linux-gnu/librt.so.1
7ff763aae000-7ff763aaf000 rw-p 00003000 103:05 1840786                   /usr/lib/x86_64-linux-gnu/librt.so.1
7ff763aaf000-7ff763ab2000 r--p 00000000 103:05 1843269                   /usr/lib/x86_64-linux-gnu/libgcc_s.so.1
7ff763ab2000-7ff763acd000 r-xp 00003000 103:05 1843269                   /usr/lib/x86_64-linux-gnu/libgcc_s.so.1
7ff763acd000-7ff763ad1000 r--p 0001e000 103:05 1843269                   /usr/lib/x86_64-linux-gnu/libgcc_s.so.1
7ff763ad1000-7ff763ad2000 r--p 00021000 103:05 1843269                   /usr/lib/x86_64-linux-gnu/libgcc_s.so.1
7ff763ad2000-7ff763ad3000 rw-p 00022000 103:05 1843269                   /usr/lib/x86_64-linux-gnu/libgcc_s.so.1
7ff763ad3000-7ff763ae1000 r--p 00000000 103:05 1840745                   /usr/lib/x86_64-linux-gnu/libm.so.6
7ff763ae1000-7ff763b5f000 r-xp 0000e000 103:05 1840745                   /usr/lib/x86_64-linux-gnu/libm.so.6
7ff763b5f000-7ff763bba000 r--p 0008c000 103:05 1840745                   /usr/lib/x86_64-linux-gnu/libm.so.6
7ff763bba000-7ff763bbb000 r--p 000e6000 103:05 1840745                   /usr/lib/x86_64-linux-gnu/libm.so.6
7ff763bbb000-7ff763bbc000 rw-p 000e7000 103:05 1840745                   /usr/lib/x86_64-linux-gnu/libm.so.6
7ff763bbc000-7ff763bbe000 rw-p 00000000 00:00 0 
7ff763bbe000-7ff763bc1000 r--p 00000000 103:05 1841687                   /usr/lib/x86_64-linux-gnu/libz.so.1.2.13
7ff763bc1000-7ff763bd3000 r-xp 00003000 103:05 1841687                   /usr/lib/x86_64-linux-gnu/libz.so.1.2.13
7ff763bd3000-7ff763bda000 r--p 00015000 103:05 1841687                   /usr/lib/x86_64-linux-gnu/libz.so.1.2.13
7ff763bda000-7ff763bdb000 r--p 0001b000 103:05 1841687                   /usr/lib/x86_64-linux-gnu/libz.so.1.2.13
7ff763bdb000-7ff763bdc000 rw-p 0001c000 103:05 1841687                   /usr/lib/x86_64-linux-gnu/libz.so.1.2.13
7ff763bdc000-7ff763bdd000 ---p 00000000 00:00 0 
7ff763bdd000-7ff763bde000 r--p 00000000 00:00 0 
7ff763bde000-7ff763be0000 r--p 00000000 103:05 2102323                   /usr/lib/jvm/java-11-openjdk-amd64/lib/libjimage.so
7ff763be0000-7ff763be3000 r-xp 00002000 103:05 2102323                   /usr/lib/jvm/java-11-openjdk-amd64/lib/libjimage.so
7ff763be3000-7ff763be4000 r--p 00005000 103:05 2102323                   /usr/lib/jvm/java-11-openjdk-amd64/lib/libjimage.so
7ff763be4000-7ff763be5000 r--p 00006000 103:05 2102323                   /usr/lib/jvm/java-11-openjdk-amd64/lib/libjimage.so
7ff763be5000-7ff763be6000 rw-p 00007000 103:05 2102323                   /usr/lib/jvm/java-11-openjdk-amd64/lib/libjimage.so
7ff763be6000-7ff763beb000 r--p 00000000 103:05 2102339                   /usr/lib/jvm/java-11-openjdk-amd64/lib/libverify.so
7ff763beb000-7ff763bf2000 r-xp 00005000 103:05 2102339                   /usr/lib/jvm/java-11-openjdk-amd64/lib/libverify.so
7ff763bf2000-7ff763bf4000 r--p 0000c000 103:05 2102339                   /usr/lib/jvm/java-11-openjdk-amd64/lib/libverify.so
7ff763bf4000-7ff763bf6000 r--p 0000d000 103:05 2102339                   /usr/lib/jvm/java-11-openjdk-amd64/lib/libverify.so
7ff763bf6000-7ff763bf7000 rw-p 0000f000 103:05 2102339                   /usr/lib/jvm/java-11-openjdk-amd64/lib/libverify.so
7ff763bf7000-7ff763bfa000 r--p 00000000 103:05 2102305                   /usr/lib/jvm/java-11-openjdk-amd64/lib/jli/libjli.so
7ff763bfa000-7ff763c04000 r-xp 00003000 103:05 2102305                   /usr/lib/jvm/java-11-openjdk-amd64/lib/jli/libjli.so
7ff763c04000-7ff763c07000 r--p 0000d000 103:05 2102305                   /usr/lib/jvm/java-11-openjdk-amd64/lib/jli/libjli.so
7ff763c07000-7ff763c08000 r--p 00010000 103:05 2102305                   /usr/lib/jvm/java-11-openjdk-amd64/lib/jli/libjli.so
7ff763c08000-7ff763c09000 rw-p 00011000 103:05 2102305                   /usr/lib/jvm/java-11-openjdk-amd64/lib/jli/libjli.so
7ff763c09000-7ff763c0b000 rw-p 00000000 00:00 0 
7ff763c0b000-7ff763c0c000 r--p 00000000 103:05 1840732                   /usr/lib/x86_64-linux-gnu/ld-linux-x86-64.so.2
7ff763c0c000-7ff763c34000 r-xp 00001000 103:05 1840732                   /usr/lib/x86_64-linux-gnu/ld-linux-x86-64.so.2
7ff763c34000-7ff763c3e000 r--p 00029000 103:05 1840732                   /usr/lib/x86_64-linux-gnu/ld-linux-x86-64.so.2
7ff763c3e000-7ff763c40000 r--p 00033000 103:05 1840732                   /usr/lib/x86_64-linux-gnu/ld-linux-x86-64.so.2
7ff763c40000-7ff763c42000 rw-p 00035000 103:05 1840732                   /usr/lib/x86_64-linux-gnu/ld-linux-x86-64.so.2
7ffe40733000-7ffe40754000 rw-p 00000000 00:00 0                          [stack]
7ffe407c3000-7ffe407c7000 r--p 00000000 00:00 0                          [vvar]
7ffe407c7000-7ffe407c9000 r-xp 00000000 00:00 0                          [vdso]
ffffffffff600000-ffffffffff601000 --xp 00000000 00:00 0                  [vsyscall]


VM Arguments:
jvm_args: -Dfile.encoding=utf8 
java_command: /home/spacecat/.vscode-insiders/extensions/vscjava.vscode-gradle-3.12.6/lib/gradle-language-server.jar
java_class_path (initial): /home/spacecat/.vscode-insiders/extensions/vscjava.vscode-gradle-3.12.6/lib/gradle-language-server.jar
Launcher Type: SUN_STANDARD

[Global flags]
     intx CICompilerCount                          = 12                                        {product} {ergonomic}
     uint ConcGCThreads                            = 3                                         {product} {ergonomic}
     uint G1ConcRefinementThreads                  = 13                                        {product} {ergonomic}
   size_t G1HeapRegionSize                         = 1048576                                   {product} {ergonomic}
    uintx GCDrainStackTargetSize                   = 64                                        {product} {ergonomic}
   size_t InitialHeapSize                          = 121634816                                 {product} {ergonomic}
   size_t MarkStackSize                            = 4194304                                   {product} {ergonomic}
   size_t MaxHeapSize                              = 1929379840                                {product} {ergonomic}
   size_t MaxNewSize                               = 1157627904                                {product} {ergonomic}
   size_t MinHeapDeltaBytes                        = 1048576                                   {product} {ergonomic}
    uintx NonNMethodCodeHeapSize                   = 7594288                                {pd product} {ergonomic}
    uintx NonProfiledCodeHeapSize                  = 122031976                              {pd product} {ergonomic}
    uintx ProfiledCodeHeapSize                     = 122031976                              {pd product} {ergonomic}
    uintx ReservedCodeCacheSize                    = 251658240                              {pd product} {ergonomic}
     bool SegmentedCodeCache                       = true                                      {product} {ergonomic}
     bool UseCompressedClassPointers               = true                                 {lp64_product} {ergonomic}
     bool UseCompressedOops                        = true                                 {lp64_product} {ergonomic}
     bool UseG1GC                                  = true                                      {product} {ergonomic}

Logging:
Log output configuration:
 #0: stdout all=warning uptime,level,tags
 #1: stderr all=off uptime,level,tags

Environment Variables:
PATH=/home/spacecat/micromamba/bin:/home/spacecat/micromamba/condabin:/home/spacecat/.cargo/bin:/usr/local/sbin:/usr/local/bin:/usr/sbin:/usr/bin:/sbin:/bin:/usr/games:/usr/local/games:/home/spacecat/SpaceCat/Programs/Flutter/flutter/bin:/home/spacecat/SpaceCat/Programs/Blender/Run:/home/spacecat/SpaceCat/Programs/AndroidStudio/Run/bin:/home/spacecat/SpaceCat/Programs/IntelliJIDEA/Run/bin:/home/spacecat/SpaceCat/Programs/ArduinoIDE/Run:/home/spacecat/SpaceCat/Programs/Fiji/Run:/home/spacecat/.dotnet/tools
USERNAME=spacecat
SHELL=/bin/bash
DISPLAY=:1
LANG=en_US.UTF-8
LC_NUMERIC=en_US.UTF-8
LC_TIME=en_US.UTF-8

Signal Handlers:
SIGSEGV: [libjvm.so+0xea95a0], sa_mask[0]=11111111011111111101111111111110, sa_flags=SA_RESTART|SA_SIGINFO
SIGBUS: [libjvm.so+0xea95a0], sa_mask[0]=11111111011111111101111111111110, sa_flags=SA_RESTART|SA_SIGINFO
SIGFPE: [libjvm.so+0xea95a0], sa_mask[0]=11111111011111111101111111111110, sa_flags=SA_RESTART|SA_SIGINFO
SIGPIPE: [libjvm.so+0xbecb40], sa_mask[0]=11111111011111111101111111111110, sa_flags=SA_RESTART|SA_SIGINFO
SIGXFSZ: [libjvm.so+0xbecb40], sa_mask[0]=11111111011111111101111111111110, sa_flags=SA_RESTART|SA_SIGINFO
SIGILL: [libjvm.so+0xea95a0], sa_mask[0]=11111111011111111101111111111110, sa_flags=SA_RESTART|SA_SIGINFO
SIGUSR2: [libjvm.so+0xbec9e0], sa_mask[0]=00000000000000000000000000000000, sa_flags=SA_RESTART|SA_SIGINFO
SIGHUP: [libjvm.so+0xbecdc0], sa_mask[0]=11111111011111111101111111111110, sa_flags=SA_RESTART|SA_SIGINFO
SIGINT: [libjvm.so+0xbecdc0], sa_mask[0]=11111111011111111101111111111110, sa_flags=SA_RESTART|SA_SIGINFO
SIGTERM: [libjvm.so+0xbecdc0], sa_mask[0]=11111111011111111101111111111110, sa_flags=SA_RESTART|SA_SIGINFO
SIGQUIT: [libjvm.so+0xbecdc0], sa_mask[0]=11111111011111111101111111111110, sa_flags=SA_RESTART|SA_SIGINFO


---------------  S Y S T E M  ---------------

OS:DISTRIB_ID=Ubuntu
DISTRIB_RELEASE=23.04
DISTRIB_CODENAME=lunar
DISTRIB_DESCRIPTION="Ubuntu Lunar Lobster (development branch)"
uname:Linux 6.1.0-16-generic #16-Ubuntu SMP PREEMPT_DYNAMIC Fri Feb 24 14:37:30 UTC 2023 x86_64
OS uptime: 0 days 6:40 hours
libc:glibc 2.37 NPTL 2.37 
rlimit (soft/hard): STACK 8192k/infinity , CORE 0k/infinity , NPROC 29103/29103 , NOFILE 1048576/1048576 , AS infinity/infinity , CPU infinity/infinity , DATA infinity/infinity , FSIZE infinity/infinity , MEMLOCK 941416k/941416k
load average:1.53 3.38 5.45

/proc/meminfo:
MemTotal:        7531340 kB
MemFree:         3146528 kB
MemAvailable:    4145948 kB
Buffers:           51404 kB
Cached:          1114052 kB
SwapCached:       975508 kB
Active:          1270256 kB
Inactive:        2143136 kB
Active(anon):     673708 kB
Inactive(anon):  1604992 kB
Active(file):     596548 kB
Inactive(file):   538144 kB
Unevictable:         424 kB
Mlocked:             424 kB
SwapTotal:      16776188 kB
SwapFree:       12781060 kB
Zswap:                 0 kB
Zswapped:              0 kB
Dirty:               928 kB
Writeback:           436 kB
AnonPages:       2199020 kB
Mapped:           778880 kB
Shmem:             30500 kB
KReclaimable:     160544 kB
Slab:             361068 kB
SReclaimable:     160544 kB
SUnreclaim:       200524 kB
KernelStack:       26736 kB
PageTables:        59468 kB
SecPageTables:         0 kB
NFS_Unstable:          0 kB
Bounce:                0 kB
WritebackTmp:          0 kB
CommitLimit:    20541856 kB
Committed_AS:   17437920 kB
VmallocTotal:   34359738367 kB
VmallocUsed:      144116 kB
VmallocChunk:          0 kB
Percpu:            13056 kB
HardwareCorrupted:     0 kB
AnonHugePages:         0 kB
ShmemHugePages:        0 kB
ShmemPmdMapped:        0 kB
FileHugePages:         0 kB
FilePmdMapped:         0 kB
HugePages_Total:       0
HugePages_Free:        0
HugePages_Rsvd:        0
HugePages_Surp:        0
Hugepagesize:       2048 kB
Hugetlb:               0 kB
DirectMap4k:     1217764 kB
DirectMap2M:     6563840 kB
DirectMap1G:           0 kB

/sys/kernel/mm/transparent_hugepage/enabled:
always [madvise] never
/sys/kernel/mm/transparent_hugepage/defrag (defrag/compaction efforts parameter):
always defer defer+madvise [madvise] never

Process Memory:
Virtual Size: 4900660K (peak: 13323292K)
Resident Set Size: 16504K (peak: 79536K) (anon: 4888K, file: 11616K, shmem: 0K)
Swapped out: 46624K
C-Heap outstanding allocations: 33250K, retained: 8289K
glibc malloc tunables: (default)

/proc/sys/kernel/threads-max (system-wide limit on the number of threads):
58207
/proc/sys/vm/max_map_count (maximum number of memory map areas a process may have):
65530
/proc/sys/kernel/pid_max (system-wide limit on number of process identifiers):
4194304

container (cgroup) information:
container_type: cgroupv2
cpu_cpuset_cpus: not supported
cpu_memory_nodes: not supported
active_processor_count: 16
cpu_quota: not supported
cpu_period: not supported
cpu_shares: not supported
memory_limit_in_bytes: unlimited
memory_and_swap_limit_in_bytes: unlimited
memory_soft_limit_in_bytes: unlimited
memory_usage_in_bytes: 584092 k
memory_max_usage_in_bytes: not supported
maximum number of tasks: 8731
current number of tasks: 162

Steal ticks since vm start: 0
Steal ticks percentage since vm start:  0.000

CPU:total 16 (initial active 16) (16 cores per cpu, 2 threads per core) family 23 model 96 stepping 1 microcode 0x8600106, cmov, cx8, fxsr, mmx, sse, sse2, sse3, ssse3, sse4.1, sse4.2, popcnt, avx, avx2, aes, clmul, mmxext, 3dnowpref, lzcnt, sse4a, ht, tsc, tscinvbit, tscinv, bmi1, bmi2, adx, sha, fma
CPU Model and flags from /proc/cpuinfo:
model name	: AMD Ryzen 7 4800H with Radeon Graphics
flags		: fpu vme de pse tsc msr pae mce cx8 apic sep mtrr pge mca cmov pat pse36 clflush mmx fxsr sse sse2 ht syscall nx mmxext fxsr_opt pdpe1gb rdtscp lm constant_tsc rep_good nopl nonstop_tsc cpuid extd_apicid aperfmperf rapl pni pclmulqdq monitor ssse3 fma cx16 sse4_1 sse4_2 movbe popcnt aes xsave avx f16c rdrand lahf_lm cmp_legacy svm extapic cr8_legacy abm sse4a misalignsse 3dnowprefetch osvw ibs skinit wdt tce topoext perfctr_core perfctr_nb bpext perfctr_llc mwaitx cpb cat_l3 cdp_l3 hw_pstate ssbd mba ibrs ibpb stibp vmmcall fsgsbase bmi1 avx2 smep bmi2 cqm rdt_a rdseed adx smap clflushopt clwb sha_ni xsaveopt xsavec xgetbv1 xsaves cqm_llc cqm_occup_llc cqm_mbm_total cqm_mbm_local clzero irperf xsaveerptr rdpru wbnoinvd cppc arat npt lbrv svm_lock nrip_save tsc_scale vmcb_clean flushbyasid decodeassists pausefilter pfthreshold avic v_vmsave_vmload vgif v_spec_ctrl umip rdpid overflow_recov succor smca
Online cpus:
0-15
Offline cpus:

BIOS frequency limitation:
2900000
Frequency switch latency (ns):
0
Available cpu frequencies:
2900000 1700000 1400000 
Current governor:
schedutil
Core performance/turbo boost:
1

Memory: 4k page, physical 7531340k(3146024k free), swap 16776188k(12781060k free)

vm_info: OpenJDK 64-Bit Server VM (11.0.18+10-post-Ubuntu-0ubuntu3) for linux-amd64 JRE (11.0.18+10-post-Ubuntu-0ubuntu3), built on Mar  1 2023 03:55:33 by "unknown" with gcc 11.3.0

END.
