#
# A fatal error has been detected by the Java Runtime Environment:
#
#  SIGBUS (0x7) at pc=0x00007f5f9be8b724 (sent by kill), pid=105414, tid=105414
#
# JRE version: OpenJDK Runtime Environment (11.0.18+10) (build 11.0.18+10-post-Ubuntu-0ubuntu3)
# Java VM: OpenJDK 64-Bit Server VM (11.0.18+10-post-Ubuntu-0ubuntu3, mixed mode, sharing, tiered, compressed oops, g1 gc, linux-amd64)
# Problematic frame:
# C  [libc.so.6+0x8b724]
#
# Core dump will be written. Default location: Core dumps may be processed with "/usr/share/apport/apport -p%p -s%s -c%c -d%d -P%P -u%u -g%g -- %E" (or dumping to /home/spacecat/SpaceCat/TimelessandClassics_Reforged/core.105414)
#
# If you would like to submit a bug report, please visit:
#   https://bugs.launchpad.net/ubuntu/+source/openjdk-lts
#

---------------  S U M M A R Y ------------

Command Line: -Dfile.encoding=utf8 /home/spacecat/.vscode-insiders/extensions/vscjava.vscode-gradle-3.12.6/lib/gradle-language-server.jar

Host: AMD Ryzen 7 4800H with Radeon Graphics, 16 cores, 7G, Ubuntu Lunar Lobster (development branch)
Time: Sat Mar 25 15:34:29 2023 +07 elapsed time: 2910.700039 seconds (0d 0h 48m 30s)

---------------  T H R E A D  ---------------

Current thread is native thread

Stack: [0x00007ffcf81ac000,0x00007ffcf89aa000],  sp=0x00007ffcf89a59f0,  free space=8166k
Native frames: (J=compiled Java code, A=aot compiled Java code, j=interpreted, Vv=VM code, C=native code)
C  [libc.so.6+0x8b724]


siginfo: si_signo: 7 (SIGBUS), si_code: 0 (SI_USER), si_pid: 128049, si_uid: 1000

Register to memory mapping:

RAX=
[error occurred during error reporting (printing register info), id 0xb, SIGSEGV (0xb) at pc=0x00007f5f9b84393c]

Registers:
RAX=0x00000000000000ca, RBX=0x00007f5f9bdff6c0, RCX=0x00007f5f9be8b726, RDX=0x0000000000019bc7
RSP=0x00007ffcf89a59f0, RBP=0x0000000000000000, RSI=0x0000000000000109, RDI=0x00007f5f9bdff990
R8 =0x0000000000000000, R9 =0x00000000ffffffff, R10=0x0000000000000000, R11=0x0000000000000246
R12=0x0000000000019bc7, R13=0x00007ffcf89a5ab8, R14=0x00007f5f9bdff990, R15=0x00007ffcf89a5a40
RIP=0x00007f5f9be8b724, EFLAGS=0x0000000000000246, CSGSFS=0x002b000000000033, ERR=0x0000000000000000
  TRAPNO=0x0000000000000000

Top of Stack: (sp=0x00007ffcf89a59f0)
0x00007ffcf89a59f0:   00007ffcf89a5b27 0000010919dd51be
0x00007ffcf89a5a00:   00007f5f9bdff990 0000000000000000
0x00007ffcf89a5a10:   00007f5f9bdff6c0 0000000000000000
0x00007ffcf89a5a20:   0000000000000000 00007f5f9be90c23 

Instructions: (pc=0x00007f5f9be8b724)
0x00007f5f9be8b624:   00 c3 66 2e 0f 1f 84 00 00 00 00 00 48 83 39 00
0x00007f5f9be8b634:   79 88 b8 6e 00 00 00 c3 0f 1f 40 00 f3 0f 1e fa
0x00007f5f9be8b644:   41 54 41 89 f4 55 53 48 83 ec 20 48 85 c9 0f 85
0x00007f5f9be8b654:   e0 00 00 00 83 fa 01 77 7b c1 e2 08 89 d6 81 f6
0x00007f5f9be8b664:   00 01 00 00 40 80 ce 89 44 31 c6 80 3d 62 2f 17
0x00007f5f9be8b674:   00 00 74 78 41 b9 ff ff ff ff 45 31 c0 49 89 ca
0x00007f5f9be8b684:   44 89 e2 b8 ca 00 00 00 0f 05 48 89 c3 89 d8 85
0x00007f5f9be8b694:   db 7f 13 83 fb ea 7c 24 83 c3 16 ba 01 08 44 00
0x00007f5f9be8b6a4:   48 0f a3 da 72 20 48 8d 3d c7 f6 12 00 e8 7a 80
0x00007f5f9be8b6b4:   ff ff 66 2e 0f 1f 84 00 00 00 00 00 83 fb 92 74
0x00007f5f9be8b6c4:   05 83 fb b5 75 e0 f7 d8 48 83 c4 20 5b 5d 41 5c
0x00007f5f9be8b6d4:   c3 0f 1f 00 48 83 c4 20 b8 16 00 00 00 5b 5d 41
0x00007f5f9be8b6e4:   5c c3 66 2e 0f 1f 84 00 00 00 00 00 48 89 7c 24
0x00007f5f9be8b6f4:   10 89 74 24 0c 48 89 4c 24 18 e8 1d f8 ff ff 4c
0x00007f5f9be8b704:   8b 54 24 18 45 31 c0 44 89 e2 89 c5 8b 74 24 0c
0x00007f5f9be8b714:   48 8b 7c 24 10 41 b9 ff ff ff ff b8 ca 00 00 00
0x00007f5f9be8b724:   0f 05 89 ef 48 89 c3 e8 70 f8 ff ff e9 5c ff ff
0x00007f5f9be8b734:   ff 0f 1f 00 48 83 39 00 0f 89 16 ff ff ff b8 6e
0x00007f5f9be8b744:   00 00 00 eb 83 0f 1f 80 00 00 00 00 f3 0f 1e fa
0x00007f5f9be8b754:   49 89 d2 85 f6 75 4d 80 f1 86 89 ce 31 d2 b8 ca
0x00007f5f9be8b764:   00 00 00 0f 05 83 f8 da 74 4a 83 f8 92 74 2d 8d
0x00007f5f9be8b774:   50 23 83 fa 23 77 10 48 b9 01 20 00 81 09 00 00
0x00007f5f9be8b784:   00 48 0f a3 d1 72 15 50 48 8d 3d e5 f5 12 00 e8
0x00007f5f9be8b794:   98 7f ff ff 0f 1f 84 00 00 00 00 00 f7 d8 c3 0f
0x00007f5f9be8b7a4:   1f 44 00 00 89 ce 40 80 f6 8d 48 85 d2 75 ad eb
0x00007f5f9be8b7b4:   a6 0f 1f 00 b8 16 00 00 00 c3 66 90 f3 0f 1e fa
0x00007f5f9be8b7c4:   64 48 8b 04 25 10 00 00 00 64 48 8b 14 25 f8 02
0x00007f5f9be8b7d4:   00 00 48 89 57 18 48 8d 90 08 03 00 00 8b 80 08
0x00007f5f9be8b7e4:   03 00 00 a8 02 75 15 d1 f8 83 e0 01 89 47 10 64
0x00007f5f9be8b7f4:   48 89 3c 25 f8 02 00 00 c3 0f 1f 00 89 c1 83 e1
0x00007f5f9be8b804:   fd f0 0f b1 0a 74 e0 eb f3 0f 1f 00 f3 0f 1e fa
0x00007f5f9be8b814:   64 48 8b 14 25 10 00 00 00 48 8b 47 18 64 48 89 


Stack slot to memory mapping:
stack at sp + 0 slots: 
[error occurred during error reporting (inspecting top of stack), id 0xb, SIGSEGV (0xb) at pc=0x00007f5f9b84393c]


---------------  P R O C E S S  ---------------

VM state:not at safepoint (normal execution)

VM Mutex/Monitor currently owned by a thread: None

Heap address: 0x000000008d000000, size: 1840 MB, Compressed Oops mode: 32-bit
Narrow klass base: 0x0000000800000000, Narrow klass shift: 3
Compressed class space size: 1073741824 Address: 0x0000000840000000

Heap:
 garbage-first heap   total 120832K, used 22220K [0x000000008d000000, 0x0000000100000000)
  region size 1024K, 22 young (22528K), 0 survivors (0K)
 Metaspace       used 7528K, capacity 7807K, committed 7936K, reserved 1056768K
  class space    used 815K, capacity 897K, committed 1024K, reserved 1048576K
Heap Regions: E=young(eden), S=young(survivor), O=old, HS=humongous(starts), HC=humongous(continues), CS=collection set, F=free, A=archive, TAMS=top-at-mark-start (previous, next)
|   0|0x000000008d000000, 0x000000008d100000, 0x000000008d100000|100%|HS|  |TAMS 0x000000008d000000, 0x000000008d000000| Complete 
|   1|0x000000008d100000, 0x000000008d100000, 0x000000008d200000|  0%| F|  |TAMS 0x000000008d100000, 0x000000008d100000| Untracked 
|   2|0x000000008d200000, 0x000000008d200000, 0x000000008d300000|  0%| F|  |TAMS 0x000000008d200000, 0x000000008d200000| Untracked 
|   3|0x000000008d300000, 0x000000008d300000, 0x000000008d400000|  0%| F|  |TAMS 0x000000008d300000, 0x000000008d300000| Untracked 
|   4|0x000000008d400000, 0x000000008d400000, 0x000000008d500000|  0%| F|  |TAMS 0x000000008d400000, 0x000000008d400000| Untracked 
|   5|0x000000008d500000, 0x000000008d500000, 0x000000008d600000|  0%| F|  |TAMS 0x000000008d500000, 0x000000008d500000| Untracked 
|   6|0x000000008d600000, 0x000000008d600000, 0x000000008d700000|  0%| F|  |TAMS 0x000000008d600000, 0x000000008d600000| Untracked 
|   7|0x000000008d700000, 0x000000008d700000, 0x000000008d800000|  0%| F|  |TAMS 0x000000008d700000, 0x000000008d700000| Untracked 
|   8|0x000000008d800000, 0x000000008d800000, 0x000000008d900000|  0%| F|  |TAMS 0x000000008d800000, 0x000000008d800000| Untracked 
|   9|0x000000008d900000, 0x000000008d900000, 0x000000008da00000|  0%| F|  |TAMS 0x000000008d900000, 0x000000008d900000| Untracked 
|  10|0x000000008da00000, 0x000000008da00000, 0x000000008db00000|  0%| F|  |TAMS 0x000000008da00000, 0x000000008da00000| Untracked 
|  11|0x000000008db00000, 0x000000008db00000, 0x000000008dc00000|  0%| F|  |TAMS 0x000000008db00000, 0x000000008db00000| Untracked 
|  12|0x000000008dc00000, 0x000000008dc00000, 0x000000008dd00000|  0%| F|  |TAMS 0x000000008dc00000, 0x000000008dc00000| Untracked 
|  13|0x000000008dd00000, 0x000000008dd00000, 0x000000008de00000|  0%| F|  |TAMS 0x000000008dd00000, 0x000000008dd00000| Untracked 
|  14|0x000000008de00000, 0x000000008de00000, 0x000000008df00000|  0%| F|  |TAMS 0x000000008de00000, 0x000000008de00000| Untracked 
|  15|0x000000008df00000, 0x000000008df00000, 0x000000008e000000|  0%| F|  |TAMS 0x000000008df00000, 0x000000008df00000| Untracked 
|  16|0x000000008e000000, 0x000000008e000000, 0x000000008e100000|  0%| F|  |TAMS 0x000000008e000000, 0x000000008e000000| Untracked 
|  17|0x000000008e100000, 0x000000008e100000, 0x000000008e200000|  0%| F|  |TAMS 0x000000008e100000, 0x000000008e100000| Untracked 
|  18|0x000000008e200000, 0x000000008e200000, 0x000000008e300000|  0%| F|  |TAMS 0x000000008e200000, 0x000000008e200000| Untracked 
|  19|0x000000008e300000, 0x000000008e300000, 0x000000008e400000|  0%| F|  |TAMS 0x000000008e300000, 0x000000008e300000| Untracked 
|  20|0x000000008e400000, 0x000000008e400000, 0x000000008e500000|  0%| F|  |TAMS 0x000000008e400000, 0x000000008e400000| Untracked 
|  21|0x000000008e500000, 0x000000008e500000, 0x000000008e600000|  0%| F|  |TAMS 0x000000008e500000, 0x000000008e500000| Untracked 
|  22|0x000000008e600000, 0x000000008e600000, 0x000000008e700000|  0%| F|  |TAMS 0x000000008e600000, 0x000000008e600000| Untracked 
|  23|0x000000008e700000, 0x000000008e700000, 0x000000008e800000|  0%| F|  |TAMS 0x000000008e700000, 0x000000008e700000| Untracked 
|  24|0x000000008e800000, 0x000000008e800000, 0x000000008e900000|  0%| F|  |TAMS 0x000000008e800000, 0x000000008e800000| Untracked 
|  25|0x000000008e900000, 0x000000008e900000, 0x000000008ea00000|  0%| F|  |TAMS 0x000000008e900000, 0x000000008e900000| Untracked 
|  26|0x000000008ea00000, 0x000000008ea00000, 0x000000008eb00000|  0%| F|  |TAMS 0x000000008ea00000, 0x000000008ea00000| Untracked 
|  27|0x000000008eb00000, 0x000000008eb00000, 0x000000008ec00000|  0%| F|  |TAMS 0x000000008eb00000, 0x000000008eb00000| Untracked 
|  28|0x000000008ec00000, 0x000000008ec00000, 0x000000008ed00000|  0%| F|  |TAMS 0x000000008ec00000, 0x000000008ec00000| Untracked 
|  29|0x000000008ed00000, 0x000000008ed00000, 0x000000008ee00000|  0%| F|  |TAMS 0x000000008ed00000, 0x000000008ed00000| Untracked 
|  30|0x000000008ee00000, 0x000000008ee00000, 0x000000008ef00000|  0%| F|  |TAMS 0x000000008ee00000, 0x000000008ee00000| Untracked 
|  31|0x000000008ef00000, 0x000000008ef00000, 0x000000008f000000|  0%| F|  |TAMS 0x000000008ef00000, 0x000000008ef00000| Untracked 
|  32|0x000000008f000000, 0x000000008f000000, 0x000000008f100000|  0%| F|  |TAMS 0x000000008f000000, 0x000000008f000000| Untracked 
|  33|0x000000008f100000, 0x000000008f100000, 0x000000008f200000|  0%| F|  |TAMS 0x000000008f100000, 0x000000008f100000| Untracked 
|  34|0x000000008f200000, 0x000000008f200000, 0x000000008f300000|  0%| F|  |TAMS 0x000000008f200000, 0x000000008f200000| Untracked 
|  35|0x000000008f300000, 0x000000008f300000, 0x000000008f400000|  0%| F|  |TAMS 0x000000008f300000, 0x000000008f300000| Untracked 
|  36|0x000000008f400000, 0x000000008f400000, 0x000000008f500000|  0%| F|  |TAMS 0x000000008f400000, 0x000000008f400000| Untracked 
|  37|0x000000008f500000, 0x000000008f500000, 0x000000008f600000|  0%| F|  |TAMS 0x000000008f500000, 0x000000008f500000| Untracked 
|  38|0x000000008f600000, 0x000000008f600000, 0x000000008f700000|  0%| F|  |TAMS 0x000000008f600000, 0x000000008f600000| Untracked 
|  39|0x000000008f700000, 0x000000008f700000, 0x000000008f800000|  0%| F|  |TAMS 0x000000008f700000, 0x000000008f700000| Untracked 
|  40|0x000000008f800000, 0x000000008f800000, 0x000000008f900000|  0%| F|  |TAMS 0x000000008f800000, 0x000000008f800000| Untracked 
|  41|0x000000008f900000, 0x000000008f900000, 0x000000008fa00000|  0%| F|  |TAMS 0x000000008f900000, 0x000000008f900000| Untracked 
|  42|0x000000008fa00000, 0x000000008fa00000, 0x000000008fb00000|  0%| F|  |TAMS 0x000000008fa00000, 0x000000008fa00000| Untracked 
|  43|0x000000008fb00000, 0x000000008fb00000, 0x000000008fc00000|  0%| F|  |TAMS 0x000000008fb00000, 0x000000008fb00000| Untracked 
|  44|0x000000008fc00000, 0x000000008fc00000, 0x000000008fd00000|  0%| F|  |TAMS 0x000000008fc00000, 0x000000008fc00000| Untracked 
|  45|0x000000008fd00000, 0x000000008fd00000, 0x000000008fe00000|  0%| F|  |TAMS 0x000000008fd00000, 0x000000008fd00000| Untracked 
|  46|0x000000008fe00000, 0x000000008fe00000, 0x000000008ff00000|  0%| F|  |TAMS 0x000000008fe00000, 0x000000008fe00000| Untracked 
|  47|0x000000008ff00000, 0x000000008ff00000, 0x0000000090000000|  0%| F|  |TAMS 0x000000008ff00000, 0x000000008ff00000| Untracked 
|  48|0x0000000090000000, 0x0000000090000000, 0x0000000090100000|  0%| F|  |TAMS 0x0000000090000000, 0x0000000090000000| Untracked 
|  49|0x0000000090100000, 0x0000000090100000, 0x0000000090200000|  0%| F|  |TAMS 0x0000000090100000, 0x0000000090100000| Untracked 
|  50|0x0000000090200000, 0x0000000090200000, 0x0000000090300000|  0%| F|  |TAMS 0x0000000090200000, 0x0000000090200000| Untracked 
|  51|0x0000000090300000, 0x0000000090300000, 0x0000000090400000|  0%| F|  |TAMS 0x0000000090300000, 0x0000000090300000| Untracked 
|  52|0x0000000090400000, 0x0000000090400000, 0x0000000090500000|  0%| F|  |TAMS 0x0000000090400000, 0x0000000090400000| Untracked 
|  53|0x0000000090500000, 0x0000000090500000, 0x0000000090600000|  0%| F|  |TAMS 0x0000000090500000, 0x0000000090500000| Untracked 
|  54|0x0000000090600000, 0x0000000090600000, 0x0000000090700000|  0%| F|  |TAMS 0x0000000090600000, 0x0000000090600000| Untracked 
|  55|0x0000000090700000, 0x0000000090700000, 0x0000000090800000|  0%| F|  |TAMS 0x0000000090700000, 0x0000000090700000| Untracked 
|  56|0x0000000090800000, 0x0000000090800000, 0x0000000090900000|  0%| F|  |TAMS 0x0000000090800000, 0x0000000090800000| Untracked 
|  57|0x0000000090900000, 0x0000000090900000, 0x0000000090a00000|  0%| F|  |TAMS 0x0000000090900000, 0x0000000090900000| Untracked 
|  58|0x0000000090a00000, 0x0000000090a00000, 0x0000000090b00000|  0%| F|  |TAMS 0x0000000090a00000, 0x0000000090a00000| Untracked 
|  59|0x0000000090b00000, 0x0000000090b00000, 0x0000000090c00000|  0%| F|  |TAMS 0x0000000090b00000, 0x0000000090b00000| Untracked 
|  60|0x0000000090c00000, 0x0000000090c00000, 0x0000000090d00000|  0%| F|  |TAMS 0x0000000090c00000, 0x0000000090c00000| Untracked 
|  61|0x0000000090d00000, 0x0000000090d00000, 0x0000000090e00000|  0%| F|  |TAMS 0x0000000090d00000, 0x0000000090d00000| Untracked 
|  62|0x0000000090e00000, 0x0000000090e00000, 0x0000000090f00000|  0%| F|  |TAMS 0x0000000090e00000, 0x0000000090e00000| Untracked 
|  63|0x0000000090f00000, 0x0000000090f00000, 0x0000000091000000|  0%| F|  |TAMS 0x0000000090f00000, 0x0000000090f00000| Untracked 
|  64|0x0000000091000000, 0x0000000091000000, 0x0000000091100000|  0%| F|  |TAMS 0x0000000091000000, 0x0000000091000000| Untracked 
|  65|0x0000000091100000, 0x0000000091100000, 0x0000000091200000|  0%| F|  |TAMS 0x0000000091100000, 0x0000000091100000| Untracked 
|  66|0x0000000091200000, 0x0000000091200000, 0x0000000091300000|  0%| F|  |TAMS 0x0000000091200000, 0x0000000091200000| Untracked 
|  67|0x0000000091300000, 0x0000000091300000, 0x0000000091400000|  0%| F|  |TAMS 0x0000000091300000, 0x0000000091300000| Untracked 
|  68|0x0000000091400000, 0x0000000091400000, 0x0000000091500000|  0%| F|  |TAMS 0x0000000091400000, 0x0000000091400000| Untracked 
|  69|0x0000000091500000, 0x0000000091500000, 0x0000000091600000|  0%| F|  |TAMS 0x0000000091500000, 0x0000000091500000| Untracked 
|  70|0x0000000091600000, 0x0000000091600000, 0x0000000091700000|  0%| F|  |TAMS 0x0000000091600000, 0x0000000091600000| Untracked 
|  71|0x0000000091700000, 0x0000000091700000, 0x0000000091800000|  0%| F|  |TAMS 0x0000000091700000, 0x0000000091700000| Untracked 
|  72|0x0000000091800000, 0x0000000091800000, 0x0000000091900000|  0%| F|  |TAMS 0x0000000091800000, 0x0000000091800000| Untracked 
|  73|0x0000000091900000, 0x0000000091900000, 0x0000000091a00000|  0%| F|  |TAMS 0x0000000091900000, 0x0000000091900000| Untracked 
|  74|0x0000000091a00000, 0x0000000091a00000, 0x0000000091b00000|  0%| F|  |TAMS 0x0000000091a00000, 0x0000000091a00000| Untracked 
|  75|0x0000000091b00000, 0x0000000091b00000, 0x0000000091c00000|  0%| F|  |TAMS 0x0000000091b00000, 0x0000000091b00000| Untracked 
|  76|0x0000000091c00000, 0x0000000091c00000, 0x0000000091d00000|  0%| F|  |TAMS 0x0000000091c00000, 0x0000000091c00000| Untracked 
|  77|0x0000000091d00000, 0x0000000091d00000, 0x0000000091e00000|  0%| F|  |TAMS 0x0000000091d00000, 0x0000000091d00000| Untracked 
|  78|0x0000000091e00000, 0x0000000091e00000, 0x0000000091f00000|  0%| F|  |TAMS 0x0000000091e00000, 0x0000000091e00000| Untracked 
|  79|0x0000000091f00000, 0x0000000091f00000, 0x0000000092000000|  0%| F|  |TAMS 0x0000000091f00000, 0x0000000091f00000| Untracked 
|  80|0x0000000092000000, 0x0000000092000000, 0x0000000092100000|  0%| F|  |TAMS 0x0000000092000000, 0x0000000092000000| Untracked 
|  81|0x0000000092100000, 0x0000000092100000, 0x0000000092200000|  0%| F|  |TAMS 0x0000000092100000, 0x0000000092100000| Untracked 
|  82|0x0000000092200000, 0x0000000092200000, 0x0000000092300000|  0%| F|  |TAMS 0x0000000092200000, 0x0000000092200000| Untracked 
|  83|0x0000000092300000, 0x0000000092300000, 0x0000000092400000|  0%| F|  |TAMS 0x0000000092300000, 0x0000000092300000| Untracked 
|  84|0x0000000092400000, 0x0000000092400000, 0x0000000092500000|  0%| F|  |TAMS 0x0000000092400000, 0x0000000092400000| Untracked 
|  85|0x0000000092500000, 0x0000000092500000, 0x0000000092600000|  0%| F|  |TAMS 0x0000000092500000, 0x0000000092500000| Untracked 
|  86|0x0000000092600000, 0x0000000092600000, 0x0000000092700000|  0%| F|  |TAMS 0x0000000092600000, 0x0000000092600000| Untracked 
|  87|0x0000000092700000, 0x0000000092700000, 0x0000000092800000|  0%| F|  |TAMS 0x0000000092700000, 0x0000000092700000| Untracked 
|  88|0x0000000092800000, 0x0000000092800000, 0x0000000092900000|  0%| F|  |TAMS 0x0000000092800000, 0x0000000092800000| Untracked 
|  89|0x0000000092900000, 0x0000000092900000, 0x0000000092a00000|  0%| F|  |TAMS 0x0000000092900000, 0x0000000092900000| Untracked 
|  90|0x0000000092a00000, 0x0000000092a00000, 0x0000000092b00000|  0%| F|  |TAMS 0x0000000092a00000, 0x0000000092a00000| Untracked 
|  91|0x0000000092b00000, 0x0000000092b00000, 0x0000000092c00000|  0%| F|  |TAMS 0x0000000092b00000, 0x0000000092b00000| Untracked 
|  92|0x0000000092c00000, 0x0000000092c00000, 0x0000000092d00000|  0%| F|  |TAMS 0x0000000092c00000, 0x0000000092c00000| Untracked 
|  93|0x0000000092d00000, 0x0000000092d00000, 0x0000000092e00000|  0%| F|  |TAMS 0x0000000092d00000, 0x0000000092d00000| Untracked 
|  94|0x0000000092e00000, 0x0000000092f00000, 0x0000000092f00000|100%| E|  |TAMS 0x0000000092e00000, 0x0000000092e00000| Complete 
|  95|0x0000000092f00000, 0x0000000093000000, 0x0000000093000000|100%| E|  |TAMS 0x0000000092f00000, 0x0000000092f00000| Complete 
|  96|0x0000000093000000, 0x0000000093100000, 0x0000000093100000|100%| E|CS|TAMS 0x0000000093000000, 0x0000000093000000| Complete 
|  97|0x0000000093100000, 0x0000000093200000, 0x0000000093200000|100%| E|CS|TAMS 0x0000000093100000, 0x0000000093100000| Complete 
|  98|0x0000000093200000, 0x0000000093300000, 0x0000000093300000|100%| E|CS|TAMS 0x0000000093200000, 0x0000000093200000| Complete 
|  99|0x0000000093300000, 0x0000000093400000, 0x0000000093400000|100%| E|CS|TAMS 0x0000000093300000, 0x0000000093300000| Complete 
| 100|0x0000000093400000, 0x0000000093500000, 0x0000000093500000|100%| E|CS|TAMS 0x0000000093400000, 0x0000000093400000| Complete 
| 101|0x0000000093500000, 0x0000000093600000, 0x0000000093600000|100%| E|CS|TAMS 0x0000000093500000, 0x0000000093500000| Complete 
| 102|0x0000000093600000, 0x0000000093700000, 0x0000000093700000|100%| E|CS|TAMS 0x0000000093600000, 0x0000000093600000| Complete 
| 103|0x0000000093700000, 0x0000000093800000, 0x0000000093800000|100%| E|CS|TAMS 0x0000000093700000, 0x0000000093700000| Complete 
| 104|0x0000000093800000, 0x0000000093900000, 0x0000000093900000|100%| E|CS|TAMS 0x0000000093800000, 0x0000000093800000| Complete 
| 105|0x0000000093900000, 0x0000000093a00000, 0x0000000093a00000|100%| E|CS|TAMS 0x0000000093900000, 0x0000000093900000| Complete 
| 106|0x0000000093a00000, 0x0000000093b00000, 0x0000000093b00000|100%| E|CS|TAMS 0x0000000093a00000, 0x0000000093a00000| Complete 
| 107|0x0000000093b00000, 0x0000000093c00000, 0x0000000093c00000|100%| E|CS|TAMS 0x0000000093b00000, 0x0000000093b00000| Complete 
| 108|0x0000000093c00000, 0x0000000093d00000, 0x0000000093d00000|100%| E|CS|TAMS 0x0000000093c00000, 0x0000000093c00000| Complete 
| 109|0x0000000093d00000, 0x0000000093e00000, 0x0000000093e00000|100%| E|CS|TAMS 0x0000000093d00000, 0x0000000093d00000| Complete 
| 110|0x0000000093e00000, 0x0000000093f00000, 0x0000000093f00000|100%| E|CS|TAMS 0x0000000093e00000, 0x0000000093e00000| Complete 
| 111|0x0000000093f00000, 0x0000000094000000, 0x0000000094000000|100%| E|CS|TAMS 0x0000000093f00000, 0x0000000093f00000| Complete 
| 112|0x0000000094000000, 0x0000000094100000, 0x0000000094100000|100%| E|CS|TAMS 0x0000000094000000, 0x0000000094000000| Complete 
| 113|0x0000000094100000, 0x0000000094200000, 0x0000000094200000|100%| E|CS|TAMS 0x0000000094100000, 0x0000000094100000| Complete 
| 114|0x0000000094200000, 0x0000000094300000, 0x0000000094300000|100%| E|CS|TAMS 0x0000000094200000, 0x0000000094200000| Complete 
| 115|0x0000000094300000, 0x0000000094400000, 0x0000000094400000|100%| E|CS|TAMS 0x0000000094300000, 0x0000000094300000| Complete 
|1838|0x00000000ffe00000, 0x00000000ffe48000, 0x00000000fff00000| 28%|OA|  |TAMS 0x00000000ffe00000, 0x00000000ffe00000| Untracked 
|1839|0x00000000fff00000, 0x00000000fff6b000, 0x0000000100000000| 41%|CA|  |TAMS 0x00000000fff00000, 0x00000000fff00000| Untracked 

Card table byte_map: [0x00007f5f98fd8000,0x00007f5f99370000] _byte_map_base: 0x00007f5f98b70000

Marking Bits (Prev, Next): (CMBitMap*) 0x00007f5f940561d8, (CMBitMap*) 0x00007f5f94056210
 Prev Bits: [0x00007f5f76340000, 0x00007f5f78000000)
 Next Bits: [0x00007f5f74680000, 0x00007f5f76340000)

Polling page: 0x00007f5f9c152000

Metaspace:

Usage:
  Non-class:      6.75 MB capacity,     6.56 MB ( 97%) used,   181.31 KB (  3%) free+waste,    15.81 KB ( <1%) overhead. 
      Class:    897.00 KB capacity,   815.66 KB ( 91%) used,    73.09 KB (  8%) free+waste,     8.25 KB ( <1%) overhead. 
       Both:      7.62 MB capacity,     7.35 MB ( 96%) used,   254.41 KB (  3%) free+waste,    24.06 KB ( <1%) overhead. 

Virtual space:
  Non-class space:        8.00 MB reserved,       6.75 MB ( 84%) committed 
      Class space:        1.00 GB reserved,       1.00 MB ( <1%) committed 
             Both:        1.01 GB reserved,       7.75 MB ( <1%) committed 

Chunk freelists:
   Non-Class:  2.00 KB
       Class:  0 bytes
        Both:  2.00 KB

MaxMetaspaceSize: unlimited
CompressedClassSpaceSize: 1.00 GB
Initial GC threshold: 20.80 MB
Current GC threshold: 20.80 MB
CDS: on

CodeHeap 'non-profiled nmethods': size=119172Kb used=413Kb max_used=413Kb free=118758Kb
 bounds [0x00007f5f8419f000, 0x00007f5f8440f000, 0x00007f5f8b600000]
CodeHeap 'profiled nmethods': size=119168Kb used=3051Kb max_used=3051Kb free=116116Kb
 bounds [0x00007f5f7cd3f000, 0x00007f5f7d03f000, 0x00007f5f8419f000]
CodeHeap 'non-nmethods': size=7420Kb used=1490Kb max_used=2853Kb free=5929Kb
 bounds [0x00007f5f7c600000, 0x00007f5f7c8d0000, 0x00007f5f7cd3f000]
 total_blobs=2037 nmethods=1525 adapters=426
 compilation: enabled
              stopped_count=0, restarted_count=0
 full_count=0

Compilation events (20 events):
Event: 31.283 Thread 0x00007f5f4815f000 1522       3       java.util.LinkedList$Node::<init> (20 bytes)
Event: 31.285 Thread 0x00007f5f4815f000 nmethod 1522 0x00007f5f7d038510 code [0x00007f5f7d0386c0, 0x00007f5f7d038950]
Event: 31.285 Thread 0x00007f5f941aa800 1524       3       java.lang.String::getChars (54 bytes)
Event: 31.285 Thread 0x00007f5f4815f000 1525       3       java.lang.StringLatin1::getChars (12 bytes)
Event: 31.286 Thread 0x00007f5f4809d800 nmethod 1521 0x00007f5f7d038a10 code [0x00007f5f7d038c00, 0x00007f5f7d038f40]
Event: 31.286 Thread 0x00007f5f4815f000 nmethod 1525 0x00007f5f7d039110 code [0x00007f5f7d0392c0, 0x00007f5f7d0393c0]
Event: 31.287 Thread 0x00007f5f941aa800 nmethod 1524 0x00007f5f7d039490 code [0x00007f5f7d0396a0, 0x00007f5f7d039b70]
Event: 31.293 Thread 0x00007f5f941a8800 nmethod 1494 0x00007f5f84202290 code [0x00007f5f84202520, 0x00007f5f84203048]
Event: 31.293 Thread 0x00007f5f941a8800 1523       4       java.lang.StringLatin1::inflate (34 bytes)
Event: 31.299 Thread 0x00007f5f941a8800 nmethod 1523 0x00007f5f84203790 code [0x00007f5f84203920, 0x00007f5f84203c18]
Event: 31.299 Thread 0x00007f5f941a8800 1518       4       java.util.concurrent.ConcurrentHashMap::get (162 bytes)
Event: 31.303 Thread 0x00007f5f941a8800 nmethod 1518 0x00007f5f84203d10 code [0x00007f5f84203ec0, 0x00007f5f84204178]
Event: 31.303 Thread 0x00007f5f941a8800 1440       4       com.google.gson.stream.JsonReader::nextNonWhitespace (354 bytes)
Event: 31.307 Thread 0x00007f5f941a8800 nmethod 1440 0x00007f5f84204410 code [0x00007f5f842045c0, 0x00007f5f842047e8]
Event: 31.307 Thread 0x00007f5f941a8800 1456       4       com.google.gson.stream.JsonReader::doPeek (744 bytes)
Event: 31.321 Thread 0x00007f5f941a8800 nmethod 1456 0x00007f5f84204a10 code [0x00007f5f84204c80, 0x00007f5f842055c0]
Event: 31.321 Thread 0x00007f5f941a8800 1511       4       com.google.gson.stream.JsonReader::hasNext (30 bytes)
Event: 31.323 Thread 0x00007f5f941a8800 nmethod 1511 0x00007f5f84205d90 code [0x00007f5f84205f40, 0x00007f5f84206008]
Event: 31.323 Thread 0x00007f5f941a8800 1514       4       com.google.gson.internal.bind.JsonTreeReader::expect (55 bytes)
Event: 31.325 Thread 0x00007f5f941a8800 nmethod 1514 0x00007f5f84206110 code [0x00007f5f842062c0, 0x00007f5f84206368]

GC Heap History (0 events):
No events

Deoptimization events (20 events):
Event: 31.202 Thread 0x00007f5f9441f800 Uncommon trap: trap_request=0xffffffde fr.pc=0x00007f5f841fc608 relative=0x0000000000001148
Event: 31.203 Thread 0x00007f5f9441f800 Uncommon trap: reason=class_check action=maybe_recompile pc=0x00007f5f841fc608 method=java.util.concurrent.ConcurrentHashMap.putVal(Ljava/lang/Object;Ljava/lang/Object;Z)Ljava/lang/Object; @ 242 c2
Event: 31.203 Thread 0x00007f5f9441f800 DEOPT PACKING pc=0x00007f5f841fc608 sp=0x00007f5f6c8fb790
Event: 31.203 Thread 0x00007f5f9441f800 DEOPT UNPACKING pc=0x00007f5f7c649ea5 sp=0x00007f5f6c8fb710 mode 2
Event: 31.221 Thread 0x00007f5f9441f800 Uncommon trap: trap_request=0xffffffde fr.pc=0x00007f5f841fc608 relative=0x0000000000001148
Event: 31.221 Thread 0x00007f5f9441f800 Uncommon trap: reason=class_check action=maybe_recompile pc=0x00007f5f841fc608 method=java.util.concurrent.ConcurrentHashMap.putVal(Ljava/lang/Object;Ljava/lang/Object;Z)Ljava/lang/Object; @ 242 c2
Event: 31.221 Thread 0x00007f5f9441f800 DEOPT PACKING pc=0x00007f5f841fc608 sp=0x00007f5f6c8fabb0
Event: 31.221 Thread 0x00007f5f9441f800 DEOPT UNPACKING pc=0x00007f5f7c649ea5 sp=0x00007f5f6c8fab30 mode 2
Event: 31.222 Thread 0x00007f5f9441f800 Uncommon trap: trap_request=0xffffffde fr.pc=0x00007f5f841fc608 relative=0x0000000000001148
Event: 31.222 Thread 0x00007f5f9441f800 Uncommon trap: reason=class_check action=maybe_recompile pc=0x00007f5f841fc608 method=java.util.concurrent.ConcurrentHashMap.putVal(Ljava/lang/Object;Ljava/lang/Object;Z)Ljava/lang/Object; @ 242 c2
Event: 31.222 Thread 0x00007f5f9441f800 DEOPT PACKING pc=0x00007f5f841fc608 sp=0x00007f5f6c8fb1a0
Event: 31.222 Thread 0x00007f5f9441f800 DEOPT UNPACKING pc=0x00007f5f7c649ea5 sp=0x00007f5f6c8fb120 mode 2
Event: 31.284 Thread 0x00007f5f9441f800 DEOPT PACKING pc=0x00007f5f7cf011d9 sp=0x00007f5f6c8fb830
Event: 31.285 Thread 0x00007f5f9441f800 DEOPT UNPACKING pc=0x00007f5f7c64a64a sp=0x00007f5f6c8facf0 mode 0
Event: 31.285 Thread 0x00007f5f9441f800 DEOPT PACKING pc=0x00007f5f7cf011d9 sp=0x00007f5f6c8fb830
Event: 31.285 Thread 0x00007f5f9441f800 DEOPT UNPACKING pc=0x00007f5f7c64a64a sp=0x00007f5f6c8facf0 mode 0
Event: 31.285 Thread 0x00007f5f9441f800 DEOPT PACKING pc=0x00007f5f7cf011d9 sp=0x00007f5f6c8fb830
Event: 31.285 Thread 0x00007f5f9441f800 DEOPT UNPACKING pc=0x00007f5f7c64a64a sp=0x00007f5f6c8facf0 mode 0
Event: 31.285 Thread 0x00007f5f9441f800 DEOPT PACKING pc=0x00007f5f7cf011d9 sp=0x00007f5f6c8fb830
Event: 31.285 Thread 0x00007f5f9441f800 DEOPT UNPACKING pc=0x00007f5f7c64a64a sp=0x00007f5f6c8facf0 mode 0

Classes redefined (0 events):
No events

Internal exceptions (3 events):
Event: 0.396 Thread 0x00007f5f94015800 Exception <a 'java/lang/NoSuchMethodError'{0x0000000093d759d8}: 'void java.lang.invoke.DirectMethodHandle$Holder.invokeVirtual(java.lang.Object, java.lang.Object)'> (0x0000000093d759d8) thrown at [./src/hotspot/share/interpreter/linkResolver.cpp, line 772]
Event: 1.110 Thread 0x00007f5f94015800 Exception <a 'java/lang/NoSuchMethodError'{0x0000000093688d90}: 'void java.lang.invoke.DirectMethodHandle$Holder.invokeSpecial(java.lang.Object, java.lang.Object, java.lang.Object, java.lang.Object)'> (0x0000000093688d90) thrown at [./src/hotspot/share/interpreter/linkResolver.cpp, line 772]
Event: 3.778 Thread 0x00007f5f9441f800 Exception <a 'java/lang/ClassNotFoundException'{0x000000009317c930}: sun/util/logging/resources/spi/loggingProvider> (0x000000009317c930) thrown at [./src/hotspot/share/classfile/systemDictionary.cpp, line 230]

Events (20 events):
Event: 31.276 loading class org/codehaus/groovy/control/customizers/CompilationCustomizer
Event: 31.276 loading class org/codehaus/groovy/control/customizers/CompilationCustomizer done
Event: 31.277 loading class org/codehaus/groovy/control/CompilationUnit$IPrimaryClassNodeOperation
Event: 31.277 loading class org/codehaus/groovy/control/CompilationUnit$IPrimaryClassNodeOperation done
Event: 31.277 loading class org/codehaus/groovy/control/CompilationUnit$PhaseOperation
Event: 31.277 loading class org/codehaus/groovy/control/CompilationUnit$PhaseOperation done
Event: 31.278 loading class org/codehaus/groovy/GroovyBugError
Event: 31.278 loading class org/codehaus/groovy/GroovyBugError done
Event: 31.278 loading class org/codehaus/groovy/control/messages/ExceptionMessage
Event: 31.278 loading class org/codehaus/groovy/control/messages/ExceptionMessage done
Event: 31.280 loading class org/codehaus/groovy/control/CompilePhase
Event: 31.280 loading class org/codehaus/groovy/control/CompilePhase done
Event: 31.280 loading class com/microsoft/gradle/compile/GradleDefaultImport
Event: 31.280 loading class com/microsoft/gradle/compile/GradleDefaultImport done
Event: 31.282 loading class org/codehaus/groovy/control/customizers/ImportCustomizer$Import
Event: 31.282 loading class org/codehaus/groovy/control/customizers/ImportCustomizer$Import done
Event: 31.283 loading class org/codehaus/groovy/control/customizers/ImportCustomizer$ImportType
Event: 31.283 loading class org/codehaus/groovy/control/customizers/ImportCustomizer$ImportType done
Event: 36.286 Thread 0x00007f5f4809d800 Thread exited: 0x00007f5f4809d800
Event: 36.287 Thread 0x00007f5f4815f000 Thread exited: 0x00007f5f4815f000


Dynamic libraries:
8d000000-94400000 rw-p 00000000 00:00 0 
94400000-ffe00000 ---p 00000000 00:00 0 
ffe00000-ffe48000 rw-p 00b0a000 103:05 2101277                           /usr/lib/jvm/java-11-openjdk-amd64/lib/server/classes.jsa
ffe48000-fff00000 rw-p 00000000 00:00 0 
fff00000-fff6b000 rw-p 00a9f000 103:05 2101277                           /usr/lib/jvm/java-11-openjdk-amd64/lib/server/classes.jsa
fff6b000-100000000 rw-p 00000000 00:00 0 
800000000-800002000 rwxp 00001000 103:05 2101277                         /usr/lib/jvm/java-11-openjdk-amd64/lib/server/classes.jsa
800002000-8003cc000 rw-p 00003000 103:05 2101277                         /usr/lib/jvm/java-11-openjdk-amd64/lib/server/classes.jsa
8003cc000-800a9d000 r--p 003cd000 103:05 2101277                         /usr/lib/jvm/java-11-openjdk-amd64/lib/server/classes.jsa
800a9d000-800a9e000 rw-p 00a9e000 103:05 2101277                         /usr/lib/jvm/java-11-openjdk-amd64/lib/server/classes.jsa
840000000-840100000 rw-p 00000000 00:00 0 
840100000-880000000 ---p 00000000 00:00 0 
56028708d000-56028708e000 r--p 00000000 103:05 2102105                   /usr/lib/jvm/java-11-openjdk-amd64/bin/java
56028708e000-56028708f000 r-xp 00001000 103:05 2102105                   /usr/lib/jvm/java-11-openjdk-amd64/bin/java
56028708f000-560287090000 r--p 00002000 103:05 2102105                   /usr/lib/jvm/java-11-openjdk-amd64/bin/java
560287090000-560287091000 r--p 00002000 103:05 2102105                   /usr/lib/jvm/java-11-openjdk-amd64/bin/java
560287091000-560287092000 rw-p 00003000 103:05 2102105                   /usr/lib/jvm/java-11-openjdk-amd64/bin/java
5602877bb000-560287808000 rw-p 00000000 00:00 0                          [heap]
7f5f24000000-7f5f24153000 rw-p 00000000 00:00 0 
7f5f24153000-7f5f28000000 ---p 00000000 00:00 0 
7f5f28000000-7f5f28079000 rw-p 00000000 00:00 0 
7f5f28079000-7f5f2c000000 ---p 00000000 00:00 0 
7f5f2c000000-7f5f2c0c7000 rw-p 00000000 00:00 0 
7f5f2c0c7000-7f5f30000000 ---p 00000000 00:00 0 
7f5f30000000-7f5f3011d000 rw-p 00000000 00:00 0 
7f5f3011d000-7f5f34000000 ---p 00000000 00:00 0 
7f5f34000000-7f5f34021000 rw-p 00000000 00:00 0 
7f5f34021000-7f5f38000000 ---p 00000000 00:00 0 
7f5f38000000-7f5f38021000 rw-p 00000000 00:00 0 
7f5f38021000-7f5f3c000000 ---p 00000000 00:00 0 
7f5f3c000000-7f5f3c021000 rw-p 00000000 00:00 0 
7f5f3c021000-7f5f40000000 ---p 00000000 00:00 0 
7f5f40000000-7f5f400b5000 rw-p 00000000 00:00 0 
7f5f400b5000-7f5f44000000 ---p 00000000 00:00 0 
7f5f44000000-7f5f442d3000 rw-p 00000000 00:00 0 
7f5f442d3000-7f5f48000000 ---p 00000000 00:00 0 
7f5f48000000-7f5f48162000 rw-p 00000000 00:00 0 
7f5f48162000-7f5f4c000000 ---p 00000000 00:00 0 
7f5f4c000000-7f5f4c021000 rw-p 00000000 00:00 0 
7f5f4c021000-7f5f50000000 ---p 00000000 00:00 0 
7f5f50000000-7f5f50021000 rw-p 00000000 00:00 0 
7f5f50021000-7f5f54000000 ---p 00000000 00:00 0 
7f5f54000000-7f5f54021000 rw-p 00000000 00:00 0 
7f5f54021000-7f5f58000000 ---p 00000000 00:00 0 
7f5f58000000-7f5f58021000 rw-p 00000000 00:00 0 
7f5f58021000-7f5f5c000000 ---p 00000000 00:00 0 
7f5f5c000000-7f5f5c021000 rw-p 00000000 00:00 0 
7f5f5c021000-7f5f60000000 ---p 00000000 00:00 0 
7f5f60000000-7f5f60021000 rw-p 00000000 00:00 0 
7f5f60021000-7f5f64000000 ---p 00000000 00:00 0 
7f5f64000000-7f5f64021000 rw-p 00000000 00:00 0 
7f5f64021000-7f5f68000000 ---p 00000000 00:00 0 
7f5f68000000-7f5f68021000 rw-p 00000000 00:00 0 
7f5f68021000-7f5f6c000000 ---p 00000000 00:00 0 
7f5f6c7fe000-7f5f6c802000 ---p 00000000 00:00 0 
7f5f6c802000-7f5f6c8fe000 rw-p 00000000 00:00 0 
7f5f6c8fe000-7f5f6c902000 ---p 00000000 00:00 0 
7f5f6c902000-7f5f6c9fe000 rw-p 00000000 00:00 0 
7f5f6c9fe000-7f5f6ca02000 ---p 00000000 00:00 0 
7f5f6ca02000-7f5f6cafe000 rw-p 00000000 00:00 0 
7f5f6cafe000-7f5f6cb02000 ---p 00000000 00:00 0 
7f5f6cb02000-7f5f6cbfe000 rw-p 00000000 00:00 0 
7f5f6cbfe000-7f5f6cc02000 ---p 00000000 00:00 0 
7f5f6cc02000-7f5f6ccfe000 rw-p 00000000 00:00 0 
7f5f6ccfe000-7f5f6ccff000 ---p 00000000 00:00 0 
7f5f6ccff000-7f5f6ce00000 rw-p 00000000 00:00 0 
7f5f6ce00000-7f5f6ce04000 ---p 00000000 00:00 0 
7f5f6ce04000-7f5f6cf00000 rw-p 00000000 00:00 0 
7f5f6cf00000-7f5f6cf04000 ---p 00000000 00:00 0 
7f5f6cf04000-7f5f6d000000 rw-p 00000000 00:00 0 
7f5f6d000000-7f5f6d687000 r--p 00000000 103:05 1843079                   /usr/lib/locale/locale-archive
7f5f6d700000-7f5f6d704000 ---p 00000000 00:00 0 
7f5f6d704000-7f5f6dec0000 rw-p 00000000 00:00 0 
7f5f6dec0000-7f5f6e000000 ---p 00000000 00:00 0 
7f5f6e000000-7f5f70021000 rw-p 00000000 00:00 0 
7f5f70021000-7f5f74000000 ---p 00000000 00:00 0 
7f5f7407e000-7f5f74082000 ---p 00000000 00:00 0 
7f5f74082000-7f5f7417e000 rw-p 00000000 00:00 0 
7f5f7417e000-7f5f74182000 ---p 00000000 00:00 0 
7f5f74182000-7f5f7427e000 rw-p 00000000 00:00 0 
7f5f7427e000-7f5f74282000 ---p 00000000 00:00 0 
7f5f74282000-7f5f7437e000 rw-p 00000000 00:00 0 
7f5f7437e000-7f5f74382000 ---p 00000000 00:00 0 
7f5f74382000-7f5f7447e000 rw-p 00000000 00:00 0 
7f5f7447e000-7f5f74482000 ---p 00000000 00:00 0 
7f5f74482000-7f5f7457e000 rw-p 00000000 00:00 0 
7f5f7457e000-7f5f7457f000 ---p 00000000 00:00 0 
7f5f7457f000-7f5f74850000 rw-p 00000000 00:00 0 
7f5f74850000-7f5f76338000 ---p 00000000 00:00 0 
7f5f76338000-7f5f76510000 rw-p 00000000 00:00 0 
7f5f76510000-7f5f77ff8000 ---p 00000000 00:00 0 
7f5f77ff8000-7f5f78021000 rw-p 00000000 00:00 0 
7f5f78021000-7f5f7c000000 ---p 00000000 00:00 0 
7f5f7c0f9000-7f5f7c0fa000 ---p 00000000 00:00 0 
7f5f7c0fa000-7f5f7c1fb000 rw-p 00000000 00:00 0 
7f5f7c1fb000-7f5f7c1fc000 ---p 00000000 00:00 0 
7f5f7c1fc000-7f5f7c600000 rw-p 00000000 00:00 0 
7f5f7c600000-7f5f7c8d0000 rwxp 00000000 00:00 0 
7f5f7c8d0000-7f5f7cd3f000 ---p 00000000 00:00 0 
7f5f7cd3f000-7f5f7d03f000 rwxp 00000000 00:00 0 
7f5f7d03f000-7f5f8419f000 ---p 00000000 00:00 0 
7f5f8419f000-7f5f8440f000 rwxp 00000000 00:00 0 
7f5f8440f000-7f5f8b600000 ---p 00000000 00:00 0 
7f5f8b600000-7f5f93e08000 r--s 00000000 103:05 2102341                   /usr/lib/jvm/java-11-openjdk-amd64/lib/modules
7f5f93eff000-7f5f94426000 rw-p 00000000 00:00 0 
7f5f94426000-7f5f98000000 ---p 00000000 00:00 0 
7f5f98001000-7f5f9898b000 rw-p 00000000 00:00 0 
7f5f9898b000-7f5f9898c000 ---p 00000000 00:00 0 
7f5f9898c000-7f5f98a8d000 rw-p 00000000 00:00 0 
7f5f98a8d000-7f5f98a8e000 ---p 00000000 00:00 0 
7f5f98a8e000-7f5f98c7a000 rw-p 00000000 00:00 0 
7f5f98c7a000-7f5f98fd7000 ---p 00000000 00:00 0 
7f5f98fd7000-7f5f99012000 rw-p 00000000 00:00 0 
7f5f99012000-7f5f9936f000 ---p 00000000 00:00 0 
7f5f9936f000-7f5f993aa000 rw-p 00000000 00:00 0 
7f5f993aa000-7f5f99707000 ---p 00000000 00:00 0 
7f5f99707000-7f5f9a415000 rw-p 00000000 00:00 0 
7f5f9a415000-7f5f9a416000 ---p 00000000 00:00 0 
7f5f9a416000-7f5f9a51c000 rw-p 00000000 00:00 0 
7f5f9a51c000-7f5f9a600000 ---p 00000000 00:00 0 
7f5f9a600000-7f5f9a69c000 r--p 00000000 103:05 1843254                   /usr/lib/x86_64-linux-gnu/libstdc++.so.6.0.31
7f5f9a69c000-7f5f9a7cb000 r-xp 0009c000 103:05 1843254                   /usr/lib/x86_64-linux-gnu/libstdc++.so.6.0.31
7f5f9a7cb000-7f5f9a858000 r--p 001cb000 103:05 1843254                   /usr/lib/x86_64-linux-gnu/libstdc++.so.6.0.31
7f5f9a858000-7f5f9a863000 r--p 00257000 103:05 1843254                   /usr/lib/x86_64-linux-gnu/libstdc++.so.6.0.31
7f5f9a863000-7f5f9a866000 rw-p 00262000 103:05 1843254                   /usr/lib/x86_64-linux-gnu/libstdc++.so.6.0.31
7f5f9a866000-7f5f9a86a000 rw-p 00000000 00:00 0 
7f5f9a87a000-7f5f9a881000 r--s 00000000 103:05 2496597                   /usr/lib/x86_64-linux-gnu/gconv/gconv-modules.cache
7f5f9a881000-7f5f9a885000 r--p 00000000 103:05 2102331                   /usr/lib/jvm/java-11-openjdk-amd64/lib/libnet.so
7f5f9a885000-7f5f9a893000 r-xp 00004000 103:05 2102331                   /usr/lib/jvm/java-11-openjdk-amd64/lib/libnet.so
7f5f9a893000-7f5f9a897000 r--p 00012000 103:05 2102331                   /usr/lib/jvm/java-11-openjdk-amd64/lib/libnet.so
7f5f9a897000-7f5f9a898000 r--p 00015000 103:05 2102331                   /usr/lib/jvm/java-11-openjdk-amd64/lib/libnet.so
7f5f9a898000-7f5f9a899000 rw-p 00016000 103:05 2102331                   /usr/lib/jvm/java-11-openjdk-amd64/lib/libnet.so
7f5f9a899000-7f5f9a8a0000 r--p 00000000 103:05 2102332                   /usr/lib/jvm/java-11-openjdk-amd64/lib/libnio.so
7f5f9a8a0000-7f5f9a8a8000 r-xp 00007000 103:05 2102332                   /usr/lib/jvm/java-11-openjdk-amd64/lib/libnio.so
7f5f9a8a8000-7f5f9a8ab000 r--p 0000f000 103:05 2102332                   /usr/lib/jvm/java-11-openjdk-amd64/lib/libnio.so
7f5f9a8ab000-7f5f9a8ac000 r--p 00011000 103:05 2102332                   /usr/lib/jvm/java-11-openjdk-amd64/lib/libnio.so
7f5f9a8ac000-7f5f9a8ad000 rw-p 00012000 103:05 2102332                   /usr/lib/jvm/java-11-openjdk-amd64/lib/libnio.so
7f5f9a8ad000-7f5f9a90e000 rw-p 00000000 00:00 0 
7f5f9a90e000-7f5f9a9f1000 ---p 00000000 00:00 0 
7f5f9a9f1000-7f5f9a9f7000 rw-p 00000000 00:00 0 
7f5f9a9f7000-7f5f9aa00000 ---p 00000000 00:00 0 
7f5f9aa00000-7f5f9ac82000 r--p 00000000 103:05 2102344                   /usr/lib/jvm/java-11-openjdk-amd64/lib/server/libjvm.so
7f5f9ac82000-7f5f9b91b000 r-xp 00282000 103:05 2102344                   /usr/lib/jvm/java-11-openjdk-amd64/lib/server/libjvm.so
7f5f9b91b000-7f5f9bb76000 r--p 00f1b000 103:05 2102344                   /usr/lib/jvm/java-11-openjdk-amd64/lib/server/libjvm.so
7f5f9bb76000-7f5f9bc3a000 r--p 01175000 103:05 2102344                   /usr/lib/jvm/java-11-openjdk-amd64/lib/server/libjvm.so
7f5f9bc3a000-7f5f9bc75000 rw-p 01239000 103:05 2102344                   /usr/lib/jvm/java-11-openjdk-amd64/lib/server/libjvm.so
7f5f9bc75000-7f5f9bccc000 rw-p 00000000 00:00 0 
7f5f9bcd2000-7f5f9bce0000 r--p 00000000 103:05 2102320                   /usr/lib/jvm/java-11-openjdk-amd64/lib/libjava.so
7f5f9bce0000-7f5f9bcf6000 r-xp 0000e000 103:05 2102320                   /usr/lib/jvm/java-11-openjdk-amd64/lib/libjava.so
7f5f9bcf6000-7f5f9bcfd000 r--p 00024000 103:05 2102320                   /usr/lib/jvm/java-11-openjdk-amd64/lib/libjava.so
7f5f9bcfd000-7f5f9bcfe000 r--p 0002a000 103:05 2102320                   /usr/lib/jvm/java-11-openjdk-amd64/lib/libjava.so
7f5f9bcfe000-7f5f9bcff000 rw-p 0002b000 103:05 2102320                   /usr/lib/jvm/java-11-openjdk-amd64/lib/libjava.so
7f5f9bcff000-7f5f9bd00000 rw-p 00000000 00:00 0 
7f5f9bd00000-7f5f9bd04000 ---p 00000000 00:00 0 
7f5f9bd04000-7f5f9be00000 rw-p 00000000 00:00 0 
7f5f9be00000-7f5f9be22000 r--p 00000000 103:05 1840741                   /usr/lib/x86_64-linux-gnu/libc.so.6
7f5f9be22000-7f5f9bf9a000 r-xp 00022000 103:05 1840741                   /usr/lib/x86_64-linux-gnu/libc.so.6
7f5f9bf9a000-7f5f9bff2000 r--p 0019a000 103:05 1840741                   /usr/lib/x86_64-linux-gnu/libc.so.6
7f5f9bff2000-7f5f9bff6000 r--p 001f1000 103:05 1840741                   /usr/lib/x86_64-linux-gnu/libc.so.6
7f5f9bff6000-7f5f9bff8000 rw-p 001f5000 103:05 1840741                   /usr/lib/x86_64-linux-gnu/libc.so.6
7f5f9bff8000-7f5f9c005000 rw-p 00000000 00:00 0 
7f5f9c00b000-7f5f9c00d000 r--s 0000c000 103:05 2758661                   /usr/share/java/java-atk-wrapper.jar
7f5f9c00d000-7f5f9c00f000 r--p 00000000 103:05 2102340                   /usr/lib/jvm/java-11-openjdk-amd64/lib/libzip.so
7f5f9c00f000-7f5f9c014000 r-xp 00002000 103:05 2102340                   /usr/lib/jvm/java-11-openjdk-amd64/lib/libzip.so
7f5f9c014000-7f5f9c016000 r--p 00007000 103:05 2102340                   /usr/lib/jvm/java-11-openjdk-amd64/lib/libzip.so
7f5f9c016000-7f5f9c017000 r--p 00008000 103:05 2102340                   /usr/lib/jvm/java-11-openjdk-amd64/lib/libzip.so
7f5f9c017000-7f5f9c018000 rw-p 00009000 103:05 2102340                   /usr/lib/jvm/java-11-openjdk-amd64/lib/libzip.so
7f5f9c018000-7f5f9c020000 rw-s 00000000 103:05 5430668                   /tmp/hsperfdata_spacecat/105414
7f5f9c020000-7f5f9c021000 r--p 00000000 103:05 1840786                   /usr/lib/x86_64-linux-gnu/librt.so.1
7f5f9c021000-7f5f9c022000 r-xp 00001000 103:05 1840786                   /usr/lib/x86_64-linux-gnu/librt.so.1
7f5f9c022000-7f5f9c023000 r--p 00002000 103:05 1840786                   /usr/lib/x86_64-linux-gnu/librt.so.1
7f5f9c023000-7f5f9c024000 r--p 00002000 103:05 1840786                   /usr/lib/x86_64-linux-gnu/librt.so.1
7f5f9c024000-7f5f9c025000 rw-p 00003000 103:05 1840786                   /usr/lib/x86_64-linux-gnu/librt.so.1
7f5f9c025000-7f5f9c028000 r--p 00000000 103:05 1843269                   /usr/lib/x86_64-linux-gnu/libgcc_s.so.1
7f5f9c028000-7f5f9c043000 r-xp 00003000 103:05 1843269                   /usr/lib/x86_64-linux-gnu/libgcc_s.so.1
7f5f9c043000-7f5f9c047000 r--p 0001e000 103:05 1843269                   /usr/lib/x86_64-linux-gnu/libgcc_s.so.1
7f5f9c047000-7f5f9c048000 r--p 00021000 103:05 1843269                   /usr/lib/x86_64-linux-gnu/libgcc_s.so.1
7f5f9c048000-7f5f9c049000 rw-p 00022000 103:05 1843269                   /usr/lib/x86_64-linux-gnu/libgcc_s.so.1
7f5f9c049000-7f5f9c057000 r--p 00000000 103:05 1840745                   /usr/lib/x86_64-linux-gnu/libm.so.6
7f5f9c057000-7f5f9c0d5000 r-xp 0000e000 103:05 1840745                   /usr/lib/x86_64-linux-gnu/libm.so.6
7f5f9c0d5000-7f5f9c130000 r--p 0008c000 103:05 1840745                   /usr/lib/x86_64-linux-gnu/libm.so.6
7f5f9c130000-7f5f9c131000 r--p 000e6000 103:05 1840745                   /usr/lib/x86_64-linux-gnu/libm.so.6
7f5f9c131000-7f5f9c132000 rw-p 000e7000 103:05 1840745                   /usr/lib/x86_64-linux-gnu/libm.so.6
7f5f9c132000-7f5f9c134000 rw-p 00000000 00:00 0 
7f5f9c134000-7f5f9c137000 r--p 00000000 103:05 1841687                   /usr/lib/x86_64-linux-gnu/libz.so.1.2.13
7f5f9c137000-7f5f9c149000 r-xp 00003000 103:05 1841687                   /usr/lib/x86_64-linux-gnu/libz.so.1.2.13
7f5f9c149000-7f5f9c150000 r--p 00015000 103:05 1841687                   /usr/lib/x86_64-linux-gnu/libz.so.1.2.13
7f5f9c150000-7f5f9c151000 r--p 0001b000 103:05 1841687                   /usr/lib/x86_64-linux-gnu/libz.so.1.2.13
7f5f9c151000-7f5f9c152000 rw-p 0001c000 103:05 1841687                   /usr/lib/x86_64-linux-gnu/libz.so.1.2.13
7f5f9c152000-7f5f9c153000 ---p 00000000 00:00 0 
7f5f9c153000-7f5f9c154000 r--p 00000000 00:00 0 
7f5f9c154000-7f5f9c156000 r--p 00000000 103:05 2102323                   /usr/lib/jvm/java-11-openjdk-amd64/lib/libjimage.so
7f5f9c156000-7f5f9c159000 r-xp 00002000 103:05 2102323                   /usr/lib/jvm/java-11-openjdk-amd64/lib/libjimage.so
7f5f9c159000-7f5f9c15a000 r--p 00005000 103:05 2102323                   /usr/lib/jvm/java-11-openjdk-amd64/lib/libjimage.so
7f5f9c15a000-7f5f9c15b000 r--p 00006000 103:05 2102323                   /usr/lib/jvm/java-11-openjdk-amd64/lib/libjimage.so
7f5f9c15b000-7f5f9c15c000 rw-p 00007000 103:05 2102323                   /usr/lib/jvm/java-11-openjdk-amd64/lib/libjimage.so
7f5f9c15c000-7f5f9c161000 r--p 00000000 103:05 2102339                   /usr/lib/jvm/java-11-openjdk-amd64/lib/libverify.so
7f5f9c161000-7f5f9c168000 r-xp 00005000 103:05 2102339                   /usr/lib/jvm/java-11-openjdk-amd64/lib/libverify.so
7f5f9c168000-7f5f9c16a000 r--p 0000c000 103:05 2102339                   /usr/lib/jvm/java-11-openjdk-amd64/lib/libverify.so
7f5f9c16a000-7f5f9c16c000 r--p 0000d000 103:05 2102339                   /usr/lib/jvm/java-11-openjdk-amd64/lib/libverify.so
7f5f9c16c000-7f5f9c16d000 rw-p 0000f000 103:05 2102339                   /usr/lib/jvm/java-11-openjdk-amd64/lib/libverify.so
7f5f9c16d000-7f5f9c170000 r--p 00000000 103:05 2102305                   /usr/lib/jvm/java-11-openjdk-amd64/lib/jli/libjli.so
7f5f9c170000-7f5f9c17a000 r-xp 00003000 103:05 2102305                   /usr/lib/jvm/java-11-openjdk-amd64/lib/jli/libjli.so
7f5f9c17a000-7f5f9c17d000 r--p 0000d000 103:05 2102305                   /usr/lib/jvm/java-11-openjdk-amd64/lib/jli/libjli.so
7f5f9c17d000-7f5f9c17e000 r--p 00010000 103:05 2102305                   /usr/lib/jvm/java-11-openjdk-amd64/lib/jli/libjli.so
7f5f9c17e000-7f5f9c17f000 rw-p 00011000 103:05 2102305                   /usr/lib/jvm/java-11-openjdk-amd64/lib/jli/libjli.so
7f5f9c17f000-7f5f9c181000 rw-p 00000000 00:00 0 
7f5f9c181000-7f5f9c182000 r--p 00000000 103:05 1840732                   /usr/lib/x86_64-linux-gnu/ld-linux-x86-64.so.2
7f5f9c182000-7f5f9c1aa000 r-xp 00001000 103:05 1840732                   /usr/lib/x86_64-linux-gnu/ld-linux-x86-64.so.2
7f5f9c1aa000-7f5f9c1b4000 r--p 00029000 103:05 1840732                   /usr/lib/x86_64-linux-gnu/ld-linux-x86-64.so.2
7f5f9c1b4000-7f5f9c1b6000 r--p 00033000 103:05 1840732                   /usr/lib/x86_64-linux-gnu/ld-linux-x86-64.so.2
7f5f9c1b6000-7f5f9c1b8000 rw-p 00035000 103:05 1840732                   /usr/lib/x86_64-linux-gnu/ld-linux-x86-64.so.2
7ffcf898b000-7ffcf89ac000 rw-p 00000000 00:00 0                          [stack]
7ffcf89d6000-7ffcf89da000 r--p 00000000 00:00 0                          [vvar]
7ffcf89da000-7ffcf89dc000 r-xp 00000000 00:00 0                          [vdso]
ffffffffff600000-ffffffffff601000 --xp 00000000 00:00 0                  [vsyscall]


VM Arguments:
jvm_args: -Dfile.encoding=utf8 
java_command: /home/spacecat/.vscode-insiders/extensions/vscjava.vscode-gradle-3.12.6/lib/gradle-language-server.jar
java_class_path (initial): /home/spacecat/.vscode-insiders/extensions/vscjava.vscode-gradle-3.12.6/lib/gradle-language-server.jar
Launcher Type: SUN_STANDARD

[Global flags]
     intx CICompilerCount                          = 12                                        {product} {ergonomic}
     uint ConcGCThreads                            = 3                                         {product} {ergonomic}
     uint G1ConcRefinementThreads                  = 13                                        {product} {ergonomic}
   size_t G1HeapRegionSize                         = 1048576                                   {product} {ergonomic}
    uintx GCDrainStackTargetSize                   = 64                                        {product} {ergonomic}
   size_t InitialHeapSize                          = 121634816                                 {product} {ergonomic}
   size_t MarkStackSize                            = 4194304                                   {product} {ergonomic}
   size_t MaxHeapSize                              = 1929379840                                {product} {ergonomic}
   size_t MaxNewSize                               = 1157627904                                {product} {ergonomic}
   size_t MinHeapDeltaBytes                        = 1048576                                   {product} {ergonomic}
    uintx NonNMethodCodeHeapSize                   = 7594288                                {pd product} {ergonomic}
    uintx NonProfiledCodeHeapSize                  = 122031976                              {pd product} {ergonomic}
    uintx ProfiledCodeHeapSize                     = 122031976                              {pd product} {ergonomic}
    uintx ReservedCodeCacheSize                    = 251658240                              {pd product} {ergonomic}
     bool SegmentedCodeCache                       = true                                      {product} {ergonomic}
     bool UseCompressedClassPointers               = true                                 {lp64_product} {ergonomic}
     bool UseCompressedOops                        = true                                 {lp64_product} {ergonomic}
     bool UseG1GC                                  = true                                      {product} {ergonomic}

Logging:
Log output configuration:
 #0: stdout all=warning uptime,level,tags
 #1: stderr all=off uptime,level,tags

Environment Variables:
PATH=/home/spacecat/micromamba/bin:/home/spacecat/micromamba/condabin:/home/spacecat/.cargo/bin:/usr/local/sbin:/usr/local/bin:/usr/sbin:/usr/bin:/sbin:/bin:/usr/games:/usr/local/games:/home/spacecat/SpaceCat/Programs/Flutter/flutter/bin:/home/spacecat/SpaceCat/Programs/Blender/Run:/home/spacecat/SpaceCat/Programs/AndroidStudio/Run/bin:/home/spacecat/SpaceCat/Programs/IntelliJIDEA/Run/bin:/home/spacecat/SpaceCat/Programs/ArduinoIDE/Run:/home/spacecat/SpaceCat/Programs/Fiji/Run:/home/spacecat/.dotnet/tools
USERNAME=spacecat
SHELL=/bin/bash
DISPLAY=:1
LANG=en_US.UTF-8
LC_NUMERIC=en_US.UTF-8
LC_TIME=en_US.UTF-8

Signal Handlers:
SIGSEGV: [libjvm.so+0xea95a0], sa_mask[0]=11111111011111111101111111111110, sa_flags=SA_RESTART|SA_SIGINFO
SIGBUS: [libjvm.so+0xea95a0], sa_mask[0]=11111111011111111101111111111110, sa_flags=SA_RESTART|SA_SIGINFO
SIGFPE: [libjvm.so+0xea95a0], sa_mask[0]=11111111011111111101111111111110, sa_flags=SA_RESTART|SA_SIGINFO
SIGPIPE: [libjvm.so+0xbecb40], sa_mask[0]=11111111011111111101111111111110, sa_flags=SA_RESTART|SA_SIGINFO
SIGXFSZ: [libjvm.so+0xbecb40], sa_mask[0]=11111111011111111101111111111110, sa_flags=SA_RESTART|SA_SIGINFO
SIGILL: [libjvm.so+0xea95a0], sa_mask[0]=11111111011111111101111111111110, sa_flags=SA_RESTART|SA_SIGINFO
SIGUSR2: [libjvm.so+0xbec9e0], sa_mask[0]=00000000000000000000000000000000, sa_flags=SA_RESTART|SA_SIGINFO
SIGHUP: [libjvm.so+0xbecdc0], sa_mask[0]=11111111011111111101111111111110, sa_flags=SA_RESTART|SA_SIGINFO
SIGINT: [libjvm.so+0xbecdc0], sa_mask[0]=11111111011111111101111111111110, sa_flags=SA_RESTART|SA_SIGINFO
SIGTERM: [libjvm.so+0xbecdc0], sa_mask[0]=11111111011111111101111111111110, sa_flags=SA_RESTART|SA_SIGINFO
SIGQUIT: [libjvm.so+0xbecdc0], sa_mask[0]=11111111011111111101111111111110, sa_flags=SA_RESTART|SA_SIGINFO


---------------  S Y S T E M  ---------------

OS:DISTRIB_ID=Ubuntu
DISTRIB_RELEASE=23.04
DISTRIB_CODENAME=lunar
DISTRIB_DESCRIPTION="Ubuntu Lunar Lobster (development branch)"
uname:Linux 6.1.0-16-generic #16-Ubuntu SMP PREEMPT_DYNAMIC Fri Feb 24 14:37:30 UTC 2023 x86_64
OS uptime: 0 days 7:43 hours
libc:glibc 2.37 NPTL 2.37 
rlimit (soft/hard): STACK 8192k/infinity , CORE 0k/infinity , NPROC 29103/29103 , NOFILE 1048576/1048576 , AS infinity/infinity , CPU infinity/infinity , DATA infinity/infinity , FSIZE infinity/infinity , MEMLOCK 941416k/941416k
load average:2.51 2.88 4.88

/proc/meminfo:
MemTotal:        7531340 kB
MemFree:         3374884 kB
MemAvailable:    4316068 kB
Buffers:           40300 kB
Cached:          1081072 kB
SwapCached:       949276 kB
Active:          1109352 kB
Inactive:        2126348 kB
Active(anon):     542016 kB
Inactive(anon):  1614652 kB
Active(file):     567336 kB
Inactive(file):   511696 kB
Unevictable:         408 kB
Mlocked:             408 kB
SwapTotal:      16776188 kB
SwapFree:       13001448 kB
Zswap:                 0 kB
Zswapped:              0 kB
Dirty:              1772 kB
Writeback:             0 kB
AnonPages:       2027868 kB
Mapped:           768580 kB
Shmem:             41832 kB
KReclaimable:     155388 kB
Slab:             356900 kB
SReclaimable:     155388 kB
SUnreclaim:       201512 kB
KernelStack:       25280 kB
PageTables:        55840 kB
SecPageTables:         0 kB
NFS_Unstable:          0 kB
Bounce:                0 kB
WritebackTmp:          0 kB
CommitLimit:    20541856 kB
Committed_AS:   16130760 kB
VmallocTotal:   34359738367 kB
VmallocUsed:      142816 kB
VmallocChunk:          0 kB
Percpu:            13056 kB
HardwareCorrupted:     0 kB
AnonHugePages:         0 kB
ShmemHugePages:        0 kB
ShmemPmdMapped:        0 kB
FileHugePages:         0 kB
FilePmdMapped:         0 kB
HugePages_Total:       0
HugePages_Free:        0
HugePages_Rsvd:        0
HugePages_Surp:        0
Hugepagesize:       2048 kB
Hugetlb:               0 kB
DirectMap4k:     1262820 kB
DirectMap2M:     6518784 kB
DirectMap1G:           0 kB

/sys/kernel/mm/transparent_hugepage/enabled:
always [madvise] never
/sys/kernel/mm/transparent_hugepage/defrag (defrag/compaction efforts parameter):
always defer defer+madvise [madvise] never

Process Memory:
Virtual Size: 4900660K (peak: 13323292K)
Resident Set Size: 15164K (peak: 80212K) (anon: 4584K, file: 10580K, shmem: 0K)
Swapped out: 49032K
C-Heap outstanding allocations: 33341K, retained: 8546K
glibc malloc tunables: (default)

/proc/sys/kernel/threads-max (system-wide limit on the number of threads):
58207
/proc/sys/vm/max_map_count (maximum number of memory map areas a process may have):
65530
/proc/sys/kernel/pid_max (system-wide limit on number of process identifiers):
4194304

container (cgroup) information:
container_type: cgroupv2
cpu_cpuset_cpus: not supported
cpu_memory_nodes: not supported
active_processor_count: 16
cpu_quota: not supported
cpu_period: not supported
cpu_shares: not supported
memory_limit_in_bytes: unlimited
memory_and_swap_limit_in_bytes: unlimited
memory_soft_limit_in_bytes: unlimited
memory_usage_in_bytes: 302064 k
memory_max_usage_in_bytes: not supported
maximum number of tasks: 8731
current number of tasks: 81

Steal ticks since vm start: 0
Steal ticks percentage since vm start:  0.000

CPU:total 16 (initial active 16) (16 cores per cpu, 2 threads per core) family 23 model 96 stepping 1 microcode 0x8600106, cmov, cx8, fxsr, mmx, sse, sse2, sse3, ssse3, sse4.1, sse4.2, popcnt, avx, avx2, aes, clmul, mmxext, 3dnowpref, lzcnt, sse4a, ht, tsc, tscinvbit, tscinv, bmi1, bmi2, adx, sha, fma
CPU Model and flags from /proc/cpuinfo:
model name	: AMD Ryzen 7 4800H with Radeon Graphics
flags		: fpu vme de pse tsc msr pae mce cx8 apic sep mtrr pge mca cmov pat pse36 clflush mmx fxsr sse sse2 ht syscall nx mmxext fxsr_opt pdpe1gb rdtscp lm constant_tsc rep_good nopl nonstop_tsc cpuid extd_apicid aperfmperf rapl pni pclmulqdq monitor ssse3 fma cx16 sse4_1 sse4_2 movbe popcnt aes xsave avx f16c rdrand lahf_lm cmp_legacy svm extapic cr8_legacy abm sse4a misalignsse 3dnowprefetch osvw ibs skinit wdt tce topoext perfctr_core perfctr_nb bpext perfctr_llc mwaitx cpb cat_l3 cdp_l3 hw_pstate ssbd mba ibrs ibpb stibp vmmcall fsgsbase bmi1 avx2 smep bmi2 cqm rdt_a rdseed adx smap clflushopt clwb sha_ni xsaveopt xsavec xgetbv1 xsaves cqm_llc cqm_occup_llc cqm_mbm_total cqm_mbm_local clzero irperf xsaveerptr rdpru wbnoinvd cppc arat npt lbrv svm_lock nrip_save tsc_scale vmcb_clean flushbyasid decodeassists pausefilter pfthreshold avic v_vmsave_vmload vgif v_spec_ctrl umip rdpid overflow_recov succor smca
Online cpus:
0-15
Offline cpus:

BIOS frequency limitation:
2900000
Frequency switch latency (ns):
0
Available cpu frequencies:
2900000 1700000 1400000 
Current governor:
schedutil
Core performance/turbo boost:
1

Memory: 4k page, physical 7531340k(3374632k free), swap 16776188k(13001448k free)

vm_info: OpenJDK 64-Bit Server VM (11.0.18+10-post-Ubuntu-0ubuntu3) for linux-amd64 JRE (11.0.18+10-post-Ubuntu-0ubuntu3), built on Mar  1 2023 03:55:33 by "unknown" with gcc 11.3.0

END.
